[1.366s] Invoking command in '/home/ms/Documents/NSU2025_late/Robototechnics/Archive_22.12/src/py_pubsub': AMENT_PREFIX_PATH=/home/ms/Documents/NSU2025_late/Robototechnics/Archive_22.12/install/tutorial_interfaces:${AMENT_PREFIX_PATH} CMAKE_PREFIX_PATH=/home/ms/Documents/NSU2025_late/Robototechnics/Archive_22.12/install/tutorial_interfaces:${CMAKE_PREFIX_PATH} DEBUGINFOD_URLS=https://debuginfod.ubuntu.com LD_LIBRARY_PATH=/home/ms/Documents/NSU2025_late/Robototechnics/Archive_22.12/install/tutorial_interfaces/lib:${LD_LIBRARY_PATH} PYTHONPATH=/home/ms/Documents/NSU2025_late/Robototechnics/Archive_22.12/build/py_pubsub/prefix_override:/usr/lib/python3/dist-packages/colcon_core/task/python/colcon_distutils_commands:/home/ms/Documents/NSU2025_late/Robototechnics/Archive_22.12/install/py_pubsub/lib/python3.12/site-packages:/home/ms/Documents/NSU2025_late/Robototechnics/Archive_22.12/install/tutorial_interfaces/lib/python3.12/site-packages:${PYTHONPATH} /usr/bin/python3 -W ignore:setup.py install is deprecated -W ignore:easy_install command is deprecated setup.py egg_info --egg-base ../../build/py_pubsub build --build-base /home/ms/Documents/NSU2025_late/Robototechnics/Archive_22.12/build/py_pubsub/build install --record /home/ms/Documents/NSU2025_late/Robototechnics/Archive_22.12/build/py_pubsub/install.log --single-version-externally-managed install_data
[1.861s] running egg_info
[1.861s] creating ../../build/py_pubsub/py_pubsub.egg-info
[1.896s] writing ../../build/py_pubsub/py_pubsub.egg-info/PKG-INFO
[1.896s] writing dependency_links to ../../build/py_pubsub/py_pubsub.egg-info/dependency_links.txt
[1.896s] writing entry points to ../../build/py_pubsub/py_pubsub.egg-info/entry_points.txt
[1.897s] writing requirements to ../../build/py_pubsub/py_pubsub.egg-info/requires.txt
[1.897s] writing top-level names to ../../build/py_pubsub/py_pubsub.egg-info/top_level.txt
[1.897s] writing manifest file '../../build/py_pubsub/py_pubsub.egg-info/SOURCES.txt'
[1.978s] reading manifest file '../../build/py_pubsub/py_pubsub.egg-info/SOURCES.txt'
[1.978s] adding license file 'LICENSE'
[1.979s] writing manifest file '../../build/py_pubsub/py_pubsub.egg-info/SOURCES.txt'
[1.980s] running build
[1.981s] running build_py
[1.981s] creating /home/ms/Documents/NSU2025_late/Robototechnics/Archive_22.12/build/py_pubsub/build
[1.981s] creating /home/ms/Documents/NSU2025_late/Robototechnics/Archive_22.12/build/py_pubsub/build/lib
[1.981s] creating /home/ms/Documents/NSU2025_late/Robototechnics/Archive_22.12/build/py_pubsub/build/lib/py_pubsub
[1.982s] copying py_pubsub/publisher_member_function.py -> /home/ms/Documents/NSU2025_late/Robototechnics/Archive_22.12/build/py_pubsub/build/lib/py_pubsub
[1.982s] copying py_pubsub/subscriber_member_function.py -> /home/ms/Documents/NSU2025_late/Robototechnics/Archive_22.12/build/py_pubsub/build/lib/py_pubsub
[1.982s] copying py_pubsub/__init__.py -> /home/ms/Documents/NSU2025_late/Robototechnics/Archive_22.12/build/py_pubsub/build/lib/py_pubsub
[1.982s] running install
[1.991s] running install_lib
[2.021s] creating /home/ms/Documents/NSU2025_late/Robototechnics/Archive_22.12/install/py_pubsub/lib/python3.12/site-packages/py_pubsub
[2.021s] copying /home/ms/Documents/NSU2025_late/Robototechnics/Archive_22.12/build/py_pubsub/build/lib/py_pubsub/publisher_member_function.py -> /home/ms/Documents/NSU2025_late/Robototechnics/Archive_22.12/install/py_pubsub/lib/python3.12/site-packages/py_pubsub
[2.021s] copying /home/ms/Documents/NSU2025_late/Robototechnics/Archive_22.12/build/py_pubsub/build/lib/py_pubsub/subscriber_member_function.py -> /home/ms/Documents/NSU2025_late/Robototechnics/Archive_22.12/install/py_pubsub/lib/python3.12/site-packages/py_pubsub
[2.021s] copying /home/ms/Documents/NSU2025_late/Robototechnics/Archive_22.12/build/py_pubsub/build/lib/py_pubsub/__init__.py -> /home/ms/Documents/NSU2025_late/Robototechnics/Archive_22.12/install/py_pubsub/lib/python3.12/site-packages/py_pubsub
[2.022s] byte-compiling /home/ms/Documents/NSU2025_late/Robototechnics/Archive_22.12/install/py_pubsub/lib/python3.12/site-packages/py_pubsub/publisher_member_function.py to publisher_member_function.cpython-312.pyc
[2.023s] byte-compiling /home/ms/Documents/NSU2025_late/Robototechnics/Archive_22.12/install/py_pubsub/lib/python3.12/site-packages/py_pubsub/subscriber_member_function.py to subscriber_member_function.cpython-312.pyc
[2.023s] byte-compiling /home/ms/Documents/NSU2025_late/Robototechnics/Archive_22.12/install/py_pubsub/lib/python3.12/site-packages/py_pubsub/__init__.py to __init__.cpython-312.pyc
[2.023s] running install_data
[2.024s] creating /home/ms/Documents/NSU2025_late/Robototechnics/Archive_22.12/install/py_pubsub/share/ament_index
[2.024s] creating /home/ms/Documents/NSU2025_late/Robototechnics/Archive_22.12/install/py_pubsub/share/ament_index/resource_index
[2.024s] creating /home/ms/Documents/NSU2025_late/Robototechnics/Archive_22.12/install/py_pubsub/share/ament_index/resource_index/packages
[2.024s] copying resource/py_pubsub -> /home/ms/Documents/NSU2025_late/Robototechnics/Archive_22.12/install/py_pubsub/share/ament_index/resource_index/packages
[2.024s] copying package.xml -> /home/ms/Documents/NSU2025_late/Robototechnics/Archive_22.12/install/py_pubsub/share/py_pubsub
[2.024s] running install_egg_info
[2.056s] Copying ../../build/py_pubsub/py_pubsub.egg-info to /home/ms/Documents/NSU2025_late/Robototechnics/Archive_22.12/install/py_pubsub/lib/python3.12/site-packages/py_pubsub-0.0.0-py3.12.egg-info
[2.058s] running install_scripts
[2.253s] Installing listener script to /home/ms/Documents/NSU2025_late/Robototechnics/Archive_22.12/install/py_pubsub/lib/py_pubsub
[2.253s] Installing talker script to /home/ms/Documents/NSU2025_late/Robototechnics/Archive_22.12/install/py_pubsub/lib/py_pubsub
[2.253s] writing list of installed files to '/home/ms/Documents/NSU2025_late/Robototechnics/Archive_22.12/build/py_pubsub/install.log'
[2.289s] Invoked command in '/home/ms/Documents/NSU2025_late/Robototechnics/Archive_22.12/src/py_pubsub' returned '0': AMENT_PREFIX_PATH=/home/ms/Documents/NSU2025_late/Robototechnics/Archive_22.12/install/tutorial_interfaces:${AMENT_PREFIX_PATH} CMAKE_PREFIX_PATH=/home/ms/Documents/NSU2025_late/Robototechnics/Archive_22.12/install/tutorial_interfaces:${CMAKE_PREFIX_PATH} DEBUGINFOD_URLS=https://debuginfod.ubuntu.com LD_LIBRARY_PATH=/home/ms/Documents/NSU2025_late/Robototechnics/Archive_22.12/install/tutorial_interfaces/lib:${LD_LIBRARY_PATH} PYTHONPATH=/home/ms/Documents/NSU2025_late/Robototechnics/Archive_22.12/build/py_pubsub/prefix_override:/usr/lib/python3/dist-packages/colcon_core/task/python/colcon_distutils_commands:/home/ms/Documents/NSU2025_late/Robototechnics/Archive_22.12/install/py_pubsub/lib/python3.12/site-packages:/home/ms/Documents/NSU2025_late/Robototechnics/Archive_22.12/install/tutorial_interfaces/lib/python3.12/site-packages:${PYTHONPATH} /usr/bin/python3 -W ignore:setup.py install is deprecated -W ignore:easy_install command is deprecated setup.py egg_info --egg-base ../../build/py_pubsub build --build-base /home/ms/Documents/NSU2025_late/Robototechnics/Archive_22.12/build/py_pubsub/build install --record /home/ms/Documents/NSU2025_late/Robototechnics/Archive_22.12/build/py_pubsub/install.log --single-version-externally-managed install_data
