[0.784s] Invoking command in '/home/ms/Documents/NSU2025_late/Robototechnics/Archive_22.12/build/action_cleaning_robot': CMAKE_PREFIX_PATH=${CMAKE_PREFIX_PATH}:/opt/ros/jazzy DEBUGINFOD_URLS=https://debuginfod.ubuntu.com /usr/bin/cmake /home/ms/Documents/NSU2025_late/Robototechnics/Archive_22.12/src/action_cleaning_robot -DCMAKE_INSTALL_PREFIX=/home/ms/Documents/NSU2025_late/Robototechnics/Archive_22.12/install/action_cleaning_robot
[2.945s] -- The C compiler identification is GNU 13.3.0
[2.945s] -- The CXX compiler identification is GNU 13.3.0
[2.945s] -- Detecting C compiler ABI info
[2.945s] -- Detecting C compiler ABI info - done
[2.945s] -- Check for working C compiler: /usr/bin/cc - skipped
[2.945s] -- Detecting C compile features
[2.945s] -- Detecting C compile features - done
[2.945s] -- Detecting CXX compiler ABI info
[2.946s] -- Detecting CXX compiler ABI info - done
[2.946s] -- Check for working CXX compiler: /usr/bin/c++ - skipped
[2.946s] -- Detecting CXX compile features
[2.946s] -- Detecting CXX compile features - done
[2.946s] -- Found ament_cmake: 2.5.4 (/opt/ros/jazzy/share/ament_cmake/cmake)
[2.946s] -- Found Python3: /usr/bin/python3 (found version "3.12.3") found components: Interpreter 
[2.946s] -- Found ament_lint_auto: 0.17.3 (/opt/ros/jazzy/share/ament_lint_auto/cmake)
[2.947s] -- Found rosidl_default_generators: 1.6.0 (/opt/ros/jazzy/share/rosidl_default_generators/cmake)
[2.947s] -- Using all available rosidl_typesupport_c: rosidl_typesupport_fastrtps_c;rosidl_typesupport_introspection_c
[2.947s] -- Using all available rosidl_typesupport_cpp: rosidl_typesupport_fastrtps_cpp;rosidl_typesupport_introspection_cpp
[2.947s] -- Found rosidl_adapter: 4.6.6 (/opt/ros/jazzy/share/rosidl_adapter/cmake)
[2.961s] -- Found ament_cmake_ros: 0.12.0 (/opt/ros/jazzy/share/ament_cmake_ros/cmake)
[3.721s] -- Using all available rosidl_typesupport_c: rosidl_typesupport_fastrtps_c;rosidl_typesupport_introspection_c
[4.569s] -- Using all available rosidl_typesupport_cpp: rosidl_typesupport_fastrtps_cpp;rosidl_typesupport_introspection_cpp
[4.575s] -- Found python_cmake_module: 0.11.1 (/opt/ros/jazzy/share/python_cmake_module/cmake)
[4.759s] -- Found PythonExtra: /usr/bin/python3  
[5.456s] -- Found Python3: /usr/bin/python3 (found version "3.12.3") found components: Interpreter Development NumPy Development.Module Development.Embed 
[5.520s] -- Added test 'lint_cmake' to check CMake code style
[5.522s] -- Added test 'xmllint' to check XML markup files
[5.531s] -- Configuring done (4.7s)
[5.596s] -- Generating done (0.1s)
[5.617s] -- Build files have been written to: /home/ms/Documents/NSU2025_late/Robototechnics/Archive_22.12/build/action_cleaning_robot
[5.630s] Invoked command in '/home/ms/Documents/NSU2025_late/Robototechnics/Archive_22.12/build/action_cleaning_robot' returned '0': CMAKE_PREFIX_PATH=${CMAKE_PREFIX_PATH}:/opt/ros/jazzy DEBUGINFOD_URLS=https://debuginfod.ubuntu.com /usr/bin/cmake /home/ms/Documents/NSU2025_late/Robototechnics/Archive_22.12/src/action_cleaning_robot -DCMAKE_INSTALL_PREFIX=/home/ms/Documents/NSU2025_late/Robototechnics/Archive_22.12/install/action_cleaning_robot
[5.631s] Invoking command in '/home/ms/Documents/NSU2025_late/Robototechnics/Archive_22.12/build/action_cleaning_robot': CMAKE_PREFIX_PATH=${CMAKE_PREFIX_PATH}:/opt/ros/jazzy DEBUGINFOD_URLS=https://debuginfod.ubuntu.com /usr/bin/cmake --build /home/ms/Documents/NSU2025_late/Robototechnics/Archive_22.12/build/action_cleaning_robot -- -j28 -l28
[5.699s] [  2%] [34m[1mGenerating type hashes for ROS interfaces[0m
[5.712s] [  2%] Built target ament_cmake_python_copy_action_cleaning_robot
[6.028s] running egg_info
[6.030s] creating action_cleaning_robot.egg-info
[6.060s] writing action_cleaning_robot.egg-info/PKG-INFO
[6.060s] writing dependency_links to action_cleaning_robot.egg-info/dependency_links.txt
[6.060s] writing top-level names to action_cleaning_robot.egg-info/top_level.txt
[6.061s] writing manifest file 'action_cleaning_robot.egg-info/SOURCES.txt'
[6.112s] [  2%] Built target action_cleaning_robot__rosidl_generator_type_description
[6.124s] [  5%] [34m[1mGenerating C code for ROS interfaces[0m
[6.137s] [  8%] [34m[1mGenerating C++ code for ROS interfaces[0m
[6.150s] reading manifest file 'action_cleaning_robot.egg-info/SOURCES.txt'
[6.150s] writing manifest file 'action_cleaning_robot.egg-info/SOURCES.txt'
[6.185s] [  8%] Built target ament_cmake_python_build_action_cleaning_robot_egg
[6.975s] [  8%] Built target action_cleaning_robot__cpp
[7.383s] [ 14%] [32mBuilding C object CMakeFiles/action_cleaning_robot__rosidl_generator_c.dir/rosidl_generator_c/action_cleaning_robot/action/detail/cleaning_task__description.c.o[0m
[7.383s] [ 14%] [32mBuilding C object CMakeFiles/action_cleaning_robot__rosidl_generator_c.dir/rosidl_generator_c/action_cleaning_robot/action/detail/cleaning_task__functions.c.o[0m
[7.384s] [ 17%] [32mBuilding C object CMakeFiles/action_cleaning_robot__rosidl_generator_c.dir/rosidl_generator_c/action_cleaning_robot/action/detail/cleaning_task__type_support.c.o[0m
[7.607s] [ 20%] [32m[1mLinking C shared library libaction_cleaning_robot__rosidl_generator_c.so[0m
[7.660s] [ 20%] Built target action_cleaning_robot__rosidl_generator_c
[7.676s] [ 23%] [34m[1mGenerating C type support dispatch for ROS interfaces[0m
[7.676s] [ 26%] [34m[1mGenerating C type support for eProsima Fast-RTPS[0m
[7.677s] [ 29%] [34m[1mGenerating C++ type support for eProsima Fast-RTPS[0m
[7.677s] [ 32%] [34m[1mGenerating C++ type support dispatch for ROS interfaces[0m
[7.677s] [ 35%] [34m[1mGenerating C++ introspection for ROS interfaces[0m
[7.678s] [ 38%] [34m[1mGenerating C introspection for ROS interfaces[0m
[8.222s] [ 41%] [32mBuilding CXX object CMakeFiles/action_cleaning_robot__rosidl_typesupport_cpp.dir/rosidl_typesupport_cpp/action_cleaning_robot/action/cleaning_task__type_support.cpp.o[0m
[8.305s] [ 44%] [32mBuilding C object CMakeFiles/action_cleaning_robot__rosidl_typesupport_introspection_c.dir/rosidl_typesupport_introspection_c/action_cleaning_robot/action/detail/cleaning_task__type_support.c.o[0m
[8.393s] [ 47%] [32m[1mLinking C shared library libaction_cleaning_robot__rosidl_typesupport_introspection_c.so[0m
[8.398s] [ 50%] [32mBuilding CXX object CMakeFiles/action_cleaning_robot__rosidl_typesupport_c.dir/rosidl_typesupport_c/action_cleaning_robot/action/cleaning_task__type_support.cpp.o[0m
[8.432s] [ 50%] Built target action_cleaning_robot__rosidl_typesupport_introspection_c
[8.479s] [ 52%] [32m[1mLinking CXX shared library libaction_cleaning_robot__rosidl_typesupport_c.so[0m
[8.507s] [ 55%] [32mBuilding CXX object CMakeFiles/action_cleaning_robot__rosidl_typesupport_introspection_cpp.dir/rosidl_typesupport_introspection_cpp/action_cleaning_robot/action/detail/cleaning_task__type_support.cpp.o[0m
[8.533s] [ 55%] Built target action_cleaning_robot__rosidl_typesupport_c
[8.562s] [ 58%] [32mBuilding CXX object CMakeFiles/action_cleaning_robot__rosidl_typesupport_fastrtps_c.dir/rosidl_typesupport_fastrtps_c/action_cleaning_robot/action/detail/cleaning_task__type_support_c.cpp.o[0m
[8.792s] [ 61%] [32mBuilding CXX object CMakeFiles/action_cleaning_robot__rosidl_typesupport_fastrtps_cpp.dir/rosidl_typesupport_fastrtps_cpp/action_cleaning_robot/action/detail/dds_fastrtps/cleaning_task__type_support.cpp.o[0m
[9.131s] [ 64%] [32m[1mLinking CXX shared library libaction_cleaning_robot__rosidl_typesupport_cpp.so[0m
[9.225s] [ 64%] Built target action_cleaning_robot__rosidl_typesupport_cpp
[9.387s] [ 67%] [32m[1mLinking CXX shared library libaction_cleaning_robot__rosidl_typesupport_fastrtps_c.so[0m
[9.486s] [ 67%] Built target action_cleaning_robot__rosidl_typesupport_fastrtps_c
[9.494s] [ 70%] [32m[1mLinking CXX shared library libaction_cleaning_robot__rosidl_typesupport_introspection_cpp.so[0m
[9.584s] [ 70%] Built target action_cleaning_robot__rosidl_typesupport_introspection_cpp
[10.153s] [ 73%] [32m[1mLinking CXX shared library libaction_cleaning_robot__rosidl_typesupport_fastrtps_cpp.so[0m
[10.261s] [ 73%] Built target action_cleaning_robot__rosidl_typesupport_fastrtps_cpp
[10.289s] [ 73%] Built target action_cleaning_robot
[10.319s] [ 76%] [34m[1mGenerating Python code for ROS interfaces[0m
[11.705s] [ 76%] Built target action_cleaning_robot__py
[11.735s] [ 79%] [32mBuilding C object CMakeFiles/action_cleaning_robot__rosidl_generator_py.dir/rosidl_generator_py/action_cleaning_robot/action/_cleaning_task_s.c.o[0m
[12.072s] [ 82%] [32m[1mLinking C shared library libaction_cleaning_robot__rosidl_generator_py.so[0m
[12.137s] [ 82%] Built target action_cleaning_robot__rosidl_generator_py
[12.163s] [ 85%] [32mBuilding C object CMakeFiles/action_cleaning_robot_s__rosidl_typesupport_c.dir/rosidl_generator_py/action_cleaning_robot/_action_cleaning_robot_s.ep.rosidl_typesupport_c.c.o[0m
[12.165s] [ 88%] [32mBuilding C object CMakeFiles/action_cleaning_robot_s__rosidl_typesupport_introspection_c.dir/rosidl_generator_py/action_cleaning_robot/_action_cleaning_robot_s.ep.rosidl_typesupport_introspection_c.c.o[0m
[12.166s] [ 91%] [32mBuilding C object CMakeFiles/action_cleaning_robot_s__rosidl_typesupport_fastrtps_c.dir/rosidl_generator_py/action_cleaning_robot/_action_cleaning_robot_s.ep.rosidl_typesupport_fastrtps_c.c.o[0m
[12.371s] [ 94%] [32m[1mLinking C shared module rosidl_generator_py/action_cleaning_robot/action_cleaning_robot_s__rosidl_typesupport_fastrtps_c.so[0m
[12.372s] [ 97%] [32m[1mLinking C shared module rosidl_generator_py/action_cleaning_robot/action_cleaning_robot_s__rosidl_typesupport_introspection_c.so[0m
[12.372s] [100%] [32m[1mLinking C shared module rosidl_generator_py/action_cleaning_robot/action_cleaning_robot_s__rosidl_typesupport_c.so[0m
[12.417s] [100%] Built target action_cleaning_robot_s__rosidl_typesupport_c
[12.417s] [100%] Built target action_cleaning_robot_s__rosidl_typesupport_fastrtps_c
[12.418s] [100%] Built target action_cleaning_robot_s__rosidl_typesupport_introspection_c
[12.434s] Invoked command in '/home/ms/Documents/NSU2025_late/Robototechnics/Archive_22.12/build/action_cleaning_robot' returned '0': CMAKE_PREFIX_PATH=${CMAKE_PREFIX_PATH}:/opt/ros/jazzy DEBUGINFOD_URLS=https://debuginfod.ubuntu.com /usr/bin/cmake --build /home/ms/Documents/NSU2025_late/Robototechnics/Archive_22.12/build/action_cleaning_robot -- -j28 -l28
[12.436s] Invoking command in '/home/ms/Documents/NSU2025_late/Robototechnics/Archive_22.12/build/action_cleaning_robot': CMAKE_PREFIX_PATH=${CMAKE_PREFIX_PATH}:/opt/ros/jazzy DEBUGINFOD_URLS=https://debuginfod.ubuntu.com /usr/bin/cmake --install /home/ms/Documents/NSU2025_late/Robototechnics/Archive_22.12/build/action_cleaning_robot
[12.446s] -- Install configuration: ""
[12.447s] -- Installing: /home/ms/Documents/NSU2025_late/Robototechnics/Archive_22.12/install/action_cleaning_robot/share/ament_index/resource_index/rosidl_interfaces/action_cleaning_robot
[12.447s] -- Installing: /home/ms/Documents/NSU2025_late/Robototechnics/Archive_22.12/install/action_cleaning_robot/share/action_cleaning_robot/action/CleaningTask.json
[12.447s] -- Installing: /home/ms/Documents/NSU2025_late/Robototechnics/Archive_22.12/install/action_cleaning_robot/include/action_cleaning_robot/action_cleaning_robot
[12.448s] -- Installing: /home/ms/Documents/NSU2025_late/Robototechnics/Archive_22.12/install/action_cleaning_robot/include/action_cleaning_robot/action_cleaning_robot/action
[12.448s] -- Installing: /home/ms/Documents/NSU2025_late/Robototechnics/Archive_22.12/install/action_cleaning_robot/include/action_cleaning_robot/action_cleaning_robot/action/cleaning_task.h
[12.448s] -- Installing: /home/ms/Documents/NSU2025_late/Robototechnics/Archive_22.12/install/action_cleaning_robot/include/action_cleaning_robot/action_cleaning_robot/action/detail
[12.448s] -- Installing: /home/ms/Documents/NSU2025_late/Robototechnics/Archive_22.12/install/action_cleaning_robot/include/action_cleaning_robot/action_cleaning_robot/action/detail/cleaning_task__type_support.h
[12.449s] -- Installing: /home/ms/Documents/NSU2025_late/Robototechnics/Archive_22.12/install/action_cleaning_robot/include/action_cleaning_robot/action_cleaning_robot/action/detail/cleaning_task__description.c
[12.449s] -- Installing: /home/ms/Documents/NSU2025_late/Robototechnics/Archive_22.12/install/action_cleaning_robot/include/action_cleaning_robot/action_cleaning_robot/action/detail/cleaning_task__functions.c
[12.449s] -- Installing: /home/ms/Documents/NSU2025_late/Robototechnics/Archive_22.12/install/action_cleaning_robot/include/action_cleaning_robot/action_cleaning_robot/action/detail/cleaning_task__functions.h
[12.450s] -- Installing: /home/ms/Documents/NSU2025_late/Robototechnics/Archive_22.12/install/action_cleaning_robot/include/action_cleaning_robot/action_cleaning_robot/action/detail/cleaning_task__type_support.c
[12.450s] -- Installing: /home/ms/Documents/NSU2025_late/Robototechnics/Archive_22.12/install/action_cleaning_robot/include/action_cleaning_robot/action_cleaning_robot/action/detail/cleaning_task__struct.h
[12.450s] -- Installing: /home/ms/Documents/NSU2025_late/Robototechnics/Archive_22.12/install/action_cleaning_robot/include/action_cleaning_robot/action_cleaning_robot/msg
[12.450s] -- Installing: /home/ms/Documents/NSU2025_late/Robototechnics/Archive_22.12/install/action_cleaning_robot/include/action_cleaning_robot/action_cleaning_robot/msg/rosidl_generator_c__visibility_control.h
[12.451s] -- Installing: /home/ms/Documents/NSU2025_late/Robototechnics/Archive_22.12/install/action_cleaning_robot/share/action_cleaning_robot/environment/library_path.sh
[12.451s] -- Installing: /home/ms/Documents/NSU2025_late/Robototechnics/Archive_22.12/install/action_cleaning_robot/share/action_cleaning_robot/environment/library_path.dsv
[12.451s] -- Installing: /home/ms/Documents/NSU2025_late/Robototechnics/Archive_22.12/install/action_cleaning_robot/lib/libaction_cleaning_robot__rosidl_generator_c.so
[12.451s] -- Set non-toolchain portion of runtime path of "/home/ms/Documents/NSU2025_late/Robototechnics/Archive_22.12/install/action_cleaning_robot/lib/libaction_cleaning_robot__rosidl_generator_c.so" to ""
[12.452s] -- Up-to-date: /home/ms/Documents/NSU2025_late/Robototechnics/Archive_22.12/install/action_cleaning_robot/include/action_cleaning_robot/action_cleaning_robot
[12.452s] -- Up-to-date: /home/ms/Documents/NSU2025_late/Robototechnics/Archive_22.12/install/action_cleaning_robot/include/action_cleaning_robot/action_cleaning_robot/action
[12.452s] -- Up-to-date: /home/ms/Documents/NSU2025_late/Robototechnics/Archive_22.12/install/action_cleaning_robot/include/action_cleaning_robot/action_cleaning_robot/action/detail
[12.452s] -- Installing: /home/ms/Documents/NSU2025_late/Robototechnics/Archive_22.12/install/action_cleaning_robot/include/action_cleaning_robot/action_cleaning_robot/action/detail/cleaning_task__rosidl_typesupport_fastrtps_c.h
[12.453s] -- Up-to-date: /home/ms/Documents/NSU2025_late/Robototechnics/Archive_22.12/install/action_cleaning_robot/include/action_cleaning_robot/action_cleaning_robot/msg
[12.453s] -- Installing: /home/ms/Documents/NSU2025_late/Robototechnics/Archive_22.12/install/action_cleaning_robot/include/action_cleaning_robot/action_cleaning_robot/msg/rosidl_typesupport_fastrtps_c__visibility_control.h
[12.453s] -- Installing: /home/ms/Documents/NSU2025_late/Robototechnics/Archive_22.12/install/action_cleaning_robot/lib/libaction_cleaning_robot__rosidl_typesupport_fastrtps_c.so
[12.453s] -- Set non-toolchain portion of runtime path of "/home/ms/Documents/NSU2025_late/Robototechnics/Archive_22.12/install/action_cleaning_robot/lib/libaction_cleaning_robot__rosidl_typesupport_fastrtps_c.so" to ""
[12.454s] -- Up-to-date: /home/ms/Documents/NSU2025_late/Robototechnics/Archive_22.12/install/action_cleaning_robot/include/action_cleaning_robot/action_cleaning_robot
[12.454s] -- Up-to-date: /home/ms/Documents/NSU2025_late/Robototechnics/Archive_22.12/install/action_cleaning_robot/include/action_cleaning_robot/action_cleaning_robot/action
[12.454s] -- Up-to-date: /home/ms/Documents/NSU2025_late/Robototechnics/Archive_22.12/install/action_cleaning_robot/include/action_cleaning_robot/action_cleaning_robot/action/detail
[12.454s] -- Installing: /home/ms/Documents/NSU2025_late/Robototechnics/Archive_22.12/install/action_cleaning_robot/include/action_cleaning_robot/action_cleaning_robot/action/detail/cleaning_task__rosidl_typesupport_introspection_c.h
[12.455s] -- Installing: /home/ms/Documents/NSU2025_late/Robototechnics/Archive_22.12/install/action_cleaning_robot/include/action_cleaning_robot/action_cleaning_robot/action/detail/cleaning_task__type_support.c
[12.455s] -- Up-to-date: /home/ms/Documents/NSU2025_late/Robototechnics/Archive_22.12/install/action_cleaning_robot/include/action_cleaning_robot/action_cleaning_robot/msg
[12.455s] -- Installing: /home/ms/Documents/NSU2025_late/Robototechnics/Archive_22.12/install/action_cleaning_robot/include/action_cleaning_robot/action_cleaning_robot/msg/rosidl_typesupport_introspection_c__visibility_control.h
[12.456s] -- Installing: /home/ms/Documents/NSU2025_late/Robototechnics/Archive_22.12/install/action_cleaning_robot/lib/libaction_cleaning_robot__rosidl_typesupport_introspection_c.so
[12.456s] -- Set non-toolchain portion of runtime path of "/home/ms/Documents/NSU2025_late/Robototechnics/Archive_22.12/install/action_cleaning_robot/lib/libaction_cleaning_robot__rosidl_typesupport_introspection_c.so" to ""
[12.456s] -- Installing: /home/ms/Documents/NSU2025_late/Robototechnics/Archive_22.12/install/action_cleaning_robot/lib/libaction_cleaning_robot__rosidl_typesupport_c.so
[12.456s] -- Set non-toolchain portion of runtime path of "/home/ms/Documents/NSU2025_late/Robototechnics/Archive_22.12/install/action_cleaning_robot/lib/libaction_cleaning_robot__rosidl_typesupport_c.so" to ""
[12.457s] -- Up-to-date: /home/ms/Documents/NSU2025_late/Robototechnics/Archive_22.12/install/action_cleaning_robot/include/action_cleaning_robot/action_cleaning_robot
[12.457s] -- Up-to-date: /home/ms/Documents/NSU2025_late/Robototechnics/Archive_22.12/install/action_cleaning_robot/include/action_cleaning_robot/action_cleaning_robot/action
[12.457s] -- Installing: /home/ms/Documents/NSU2025_late/Robototechnics/Archive_22.12/install/action_cleaning_robot/include/action_cleaning_robot/action_cleaning_robot/action/cleaning_task.hpp
[12.458s] -- Up-to-date: /home/ms/Documents/NSU2025_late/Robototechnics/Archive_22.12/install/action_cleaning_robot/include/action_cleaning_robot/action_cleaning_robot/action/detail
[12.458s] -- Installing: /home/ms/Documents/NSU2025_late/Robototechnics/Archive_22.12/install/action_cleaning_robot/include/action_cleaning_robot/action_cleaning_robot/action/detail/cleaning_task__type_support.hpp
[12.458s] -- Installing: /home/ms/Documents/NSU2025_late/Robototechnics/Archive_22.12/install/action_cleaning_robot/include/action_cleaning_robot/action_cleaning_robot/action/detail/cleaning_task__traits.hpp
[12.458s] -- Installing: /home/ms/Documents/NSU2025_late/Robototechnics/Archive_22.12/install/action_cleaning_robot/include/action_cleaning_robot/action_cleaning_robot/action/detail/cleaning_task__builder.hpp
[12.459s] -- Installing: /home/ms/Documents/NSU2025_late/Robototechnics/Archive_22.12/install/action_cleaning_robot/include/action_cleaning_robot/action_cleaning_robot/action/detail/cleaning_task__struct.hpp
[12.459s] -- Up-to-date: /home/ms/Documents/NSU2025_late/Robototechnics/Archive_22.12/install/action_cleaning_robot/include/action_cleaning_robot/action_cleaning_robot/msg
[12.459s] -- Installing: /home/ms/Documents/NSU2025_late/Robototechnics/Archive_22.12/install/action_cleaning_robot/include/action_cleaning_robot/action_cleaning_robot/msg/rosidl_generator_cpp__visibility_control.hpp
[12.460s] -- Up-to-date: /home/ms/Documents/NSU2025_late/Robototechnics/Archive_22.12/install/action_cleaning_robot/include/action_cleaning_robot/action_cleaning_robot
[12.460s] -- Up-to-date: /home/ms/Documents/NSU2025_late/Robototechnics/Archive_22.12/install/action_cleaning_robot/include/action_cleaning_robot/action_cleaning_robot/action
[12.460s] -- Up-to-date: /home/ms/Documents/NSU2025_late/Robototechnics/Archive_22.12/install/action_cleaning_robot/include/action_cleaning_robot/action_cleaning_robot/action/detail
[12.460s] -- Installing: /home/ms/Documents/NSU2025_late/Robototechnics/Archive_22.12/install/action_cleaning_robot/include/action_cleaning_robot/action_cleaning_robot/action/detail/dds_fastrtps
[12.461s] -- Installing: /home/ms/Documents/NSU2025_late/Robototechnics/Archive_22.12/install/action_cleaning_robot/include/action_cleaning_robot/action_cleaning_robot/action/detail/cleaning_task__rosidl_typesupport_fastrtps_cpp.hpp
[12.461s] -- Up-to-date: /home/ms/Documents/NSU2025_late/Robototechnics/Archive_22.12/install/action_cleaning_robot/include/action_cleaning_robot/action_cleaning_robot/msg
[12.461s] -- Installing: /home/ms/Documents/NSU2025_late/Robototechnics/Archive_22.12/install/action_cleaning_robot/include/action_cleaning_robot/action_cleaning_robot/msg/rosidl_typesupport_fastrtps_cpp__visibility_control.h
[12.461s] -- Installing: /home/ms/Documents/NSU2025_late/Robototechnics/Archive_22.12/install/action_cleaning_robot/lib/libaction_cleaning_robot__rosidl_typesupport_fastrtps_cpp.so
[12.462s] -- Set non-toolchain portion of runtime path of "/home/ms/Documents/NSU2025_late/Robototechnics/Archive_22.12/install/action_cleaning_robot/lib/libaction_cleaning_robot__rosidl_typesupport_fastrtps_cpp.so" to ""
[12.462s] -- Up-to-date: /home/ms/Documents/NSU2025_late/Robototechnics/Archive_22.12/install/action_cleaning_robot/include/action_cleaning_robot/action_cleaning_robot
[12.462s] -- Up-to-date: /home/ms/Documents/NSU2025_late/Robototechnics/Archive_22.12/install/action_cleaning_robot/include/action_cleaning_robot/action_cleaning_robot/action
[12.462s] -- Up-to-date: /home/ms/Documents/NSU2025_late/Robototechnics/Archive_22.12/install/action_cleaning_robot/include/action_cleaning_robot/action_cleaning_robot/action/detail
[12.463s] -- Installing: /home/ms/Documents/NSU2025_late/Robototechnics/Archive_22.12/install/action_cleaning_robot/include/action_cleaning_robot/action_cleaning_robot/action/detail/cleaning_task__rosidl_typesupport_introspection_cpp.hpp
[12.463s] -- Installing: /home/ms/Documents/NSU2025_late/Robototechnics/Archive_22.12/install/action_cleaning_robot/include/action_cleaning_robot/action_cleaning_robot/action/detail/cleaning_task__type_support.cpp
[12.463s] -- Installing: /home/ms/Documents/NSU2025_late/Robototechnics/Archive_22.12/install/action_cleaning_robot/lib/libaction_cleaning_robot__rosidl_typesupport_introspection_cpp.so
[12.464s] -- Set non-toolchain portion of runtime path of "/home/ms/Documents/NSU2025_late/Robototechnics/Archive_22.12/install/action_cleaning_robot/lib/libaction_cleaning_robot__rosidl_typesupport_introspection_cpp.so" to ""
[12.464s] -- Installing: /home/ms/Documents/NSU2025_late/Robototechnics/Archive_22.12/install/action_cleaning_robot/lib/libaction_cleaning_robot__rosidl_typesupport_cpp.so
[12.464s] -- Set non-toolchain portion of runtime path of "/home/ms/Documents/NSU2025_late/Robototechnics/Archive_22.12/install/action_cleaning_robot/lib/libaction_cleaning_robot__rosidl_typesupport_cpp.so" to ""
[12.464s] -- Installing: /home/ms/Documents/NSU2025_late/Robototechnics/Archive_22.12/install/action_cleaning_robot/share/action_cleaning_robot/environment/pythonpath.sh
[12.465s] -- Installing: /home/ms/Documents/NSU2025_late/Robototechnics/Archive_22.12/install/action_cleaning_robot/share/action_cleaning_robot/environment/pythonpath.dsv
[12.465s] -- Installing: /home/ms/Documents/NSU2025_late/Robototechnics/Archive_22.12/install/action_cleaning_robot/lib/python3.12/site-packages/action_cleaning_robot-0.0.0-py3.12.egg-info
[12.465s] -- Installing: /home/ms/Documents/NSU2025_late/Robototechnics/Archive_22.12/install/action_cleaning_robot/lib/python3.12/site-packages/action_cleaning_robot-0.0.0-py3.12.egg-info/PKG-INFO
[12.465s] -- Installing: /home/ms/Documents/NSU2025_late/Robototechnics/Archive_22.12/install/action_cleaning_robot/lib/python3.12/site-packages/action_cleaning_robot-0.0.0-py3.12.egg-info/SOURCES.txt
[12.466s] -- Installing: /home/ms/Documents/NSU2025_late/Robototechnics/Archive_22.12/install/action_cleaning_robot/lib/python3.12/site-packages/action_cleaning_robot-0.0.0-py3.12.egg-info/top_level.txt
[12.466s] -- Installing: /home/ms/Documents/NSU2025_late/Robototechnics/Archive_22.12/install/action_cleaning_robot/lib/python3.12/site-packages/action_cleaning_robot-0.0.0-py3.12.egg-info/dependency_links.txt
[12.466s] -- Installing: /home/ms/Documents/NSU2025_late/Robototechnics/Archive_22.12/install/action_cleaning_robot/lib/python3.12/site-packages/action_cleaning_robot
[12.466s] -- Installing: /home/ms/Documents/NSU2025_late/Robototechnics/Archive_22.12/install/action_cleaning_robot/lib/python3.12/site-packages/action_cleaning_robot/action
[12.467s] -- Installing: /home/ms/Documents/NSU2025_late/Robototechnics/Archive_22.12/install/action_cleaning_robot/lib/python3.12/site-packages/action_cleaning_robot/action/_cleaning_task.py
[12.467s] -- Installing: /home/ms/Documents/NSU2025_late/Robototechnics/Archive_22.12/install/action_cleaning_robot/lib/python3.12/site-packages/action_cleaning_robot/action/_cleaning_task_s.c
[12.467s] -- Installing: /home/ms/Documents/NSU2025_late/Robototechnics/Archive_22.12/install/action_cleaning_robot/lib/python3.12/site-packages/action_cleaning_robot/action/__init__.py
[12.467s] -- Installing: /home/ms/Documents/NSU2025_late/Robototechnics/Archive_22.12/install/action_cleaning_robot/lib/python3.12/site-packages/action_cleaning_robot/action_cleaning_robot_s__rosidl_typesupport_c.so
[12.467s] -- Installing: /home/ms/Documents/NSU2025_late/Robototechnics/Archive_22.12/install/action_cleaning_robot/lib/python3.12/site-packages/action_cleaning_robot/action_cleaning_robot_s__rosidl_typesupport_fastrtps_c.so
[12.468s] -- Installing: /home/ms/Documents/NSU2025_late/Robototechnics/Archive_22.12/install/action_cleaning_robot/lib/python3.12/site-packages/action_cleaning_robot/_action_cleaning_robot_s.ep.rosidl_typesupport_c.c
[12.468s] -- Installing: /home/ms/Documents/NSU2025_late/Robototechnics/Archive_22.12/install/action_cleaning_robot/lib/python3.12/site-packages/action_cleaning_robot/_action_cleaning_robot_s.ep.rosidl_typesupport_introspection_c.c
[12.468s] -- Installing: /home/ms/Documents/NSU2025_late/Robototechnics/Archive_22.12/install/action_cleaning_robot/lib/python3.12/site-packages/action_cleaning_robot/action_cleaning_robot_s__rosidl_typesupport_introspection_c.so
[12.468s] -- Installing: /home/ms/Documents/NSU2025_late/Robototechnics/Archive_22.12/install/action_cleaning_robot/lib/python3.12/site-packages/action_cleaning_robot/_action_cleaning_robot_s.ep.rosidl_typesupport_fastrtps_c.c
[12.468s] -- Installing: /home/ms/Documents/NSU2025_late/Robototechnics/Archive_22.12/install/action_cleaning_robot/lib/python3.12/site-packages/action_cleaning_robot/__init__.py
[12.538s] Listing '/home/ms/Documents/NSU2025_late/Robototechnics/Archive_22.12/install/action_cleaning_robot/lib/python3.12/site-packages/action_cleaning_robot'...
[12.539s] Compiling '/home/ms/Documents/NSU2025_late/Robototechnics/Archive_22.12/install/action_cleaning_robot/lib/python3.12/site-packages/action_cleaning_robot/__init__.py'...
[12.539s] Listing '/home/ms/Documents/NSU2025_late/Robototechnics/Archive_22.12/install/action_cleaning_robot/lib/python3.12/site-packages/action_cleaning_robot/action'...
[12.539s] Compiling '/home/ms/Documents/NSU2025_late/Robototechnics/Archive_22.12/install/action_cleaning_robot/lib/python3.12/site-packages/action_cleaning_robot/action/__init__.py'...
[12.539s] Compiling '/home/ms/Documents/NSU2025_late/Robototechnics/Archive_22.12/install/action_cleaning_robot/lib/python3.12/site-packages/action_cleaning_robot/action/_cleaning_task.py'...
[12.547s] -- Installing: /home/ms/Documents/NSU2025_late/Robototechnics/Archive_22.12/install/action_cleaning_robot/lib/python3.12/site-packages/action_cleaning_robot/action_cleaning_robot_s__rosidl_typesupport_fastrtps_c.so
[12.547s] -- Set non-toolchain portion of runtime path of "/home/ms/Documents/NSU2025_late/Robototechnics/Archive_22.12/install/action_cleaning_robot/lib/python3.12/site-packages/action_cleaning_robot/action_cleaning_robot_s__rosidl_typesupport_fastrtps_c.so" to ""
[12.548s] -- Installing: /home/ms/Documents/NSU2025_late/Robototechnics/Archive_22.12/install/action_cleaning_robot/lib/python3.12/site-packages/action_cleaning_robot/action_cleaning_robot_s__rosidl_typesupport_introspection_c.so
[12.549s] -- Set non-toolchain portion of runtime path of "/home/ms/Documents/NSU2025_late/Robototechnics/Archive_22.12/install/action_cleaning_robot/lib/python3.12/site-packages/action_cleaning_robot/action_cleaning_robot_s__rosidl_typesupport_introspection_c.so" to ""
[12.549s] -- Installing: /home/ms/Documents/NSU2025_late/Robototechnics/Archive_22.12/install/action_cleaning_robot/lib/python3.12/site-packages/action_cleaning_robot/action_cleaning_robot_s__rosidl_typesupport_c.so
[12.550s] -- Set non-toolchain portion of runtime path of "/home/ms/Documents/NSU2025_late/Robototechnics/Archive_22.12/install/action_cleaning_robot/lib/python3.12/site-packages/action_cleaning_robot/action_cleaning_robot_s__rosidl_typesupport_c.so" to ""
[12.550s] -- Installing: /home/ms/Documents/NSU2025_late/Robototechnics/Archive_22.12/install/action_cleaning_robot/lib/libaction_cleaning_robot__rosidl_generator_py.so
[12.551s] -- Set non-toolchain portion of runtime path of "/home/ms/Documents/NSU2025_late/Robototechnics/Archive_22.12/install/action_cleaning_robot/lib/libaction_cleaning_robot__rosidl_generator_py.so" to ""
[12.551s] -- Installing: /home/ms/Documents/NSU2025_late/Robototechnics/Archive_22.12/install/action_cleaning_robot/share/action_cleaning_robot/action/CleaningTask.idl
[12.551s] -- Installing: /home/ms/Documents/NSU2025_late/Robototechnics/Archive_22.12/install/action_cleaning_robot/share/action_cleaning_robot/action/CleaningTask.action
[12.551s] -- Installing: /home/ms/Documents/NSU2025_late/Robototechnics/Archive_22.12/install/action_cleaning_robot/share/ament_index/resource_index/package_run_dependencies/action_cleaning_robot
[12.552s] -- Installing: /home/ms/Documents/NSU2025_late/Robototechnics/Archive_22.12/install/action_cleaning_robot/share/ament_index/resource_index/parent_prefix_path/action_cleaning_robot
[12.552s] -- Installing: /home/ms/Documents/NSU2025_late/Robototechnics/Archive_22.12/install/action_cleaning_robot/share/action_cleaning_robot/environment/ament_prefix_path.sh
[12.553s] -- Installing: /home/ms/Documents/NSU2025_late/Robototechnics/Archive_22.12/install/action_cleaning_robot/share/action_cleaning_robot/environment/ament_prefix_path.dsv
[12.553s] -- Installing: /home/ms/Documents/NSU2025_late/Robototechnics/Archive_22.12/install/action_cleaning_robot/share/action_cleaning_robot/environment/path.sh
[12.553s] -- Installing: /home/ms/Documents/NSU2025_late/Robototechnics/Archive_22.12/install/action_cleaning_robot/share/action_cleaning_robot/environment/path.dsv
[12.554s] -- Installing: /home/ms/Documents/NSU2025_late/Robototechnics/Archive_22.12/install/action_cleaning_robot/share/action_cleaning_robot/local_setup.bash
[12.554s] -- Installing: /home/ms/Documents/NSU2025_late/Robototechnics/Archive_22.12/install/action_cleaning_robot/share/action_cleaning_robot/local_setup.sh
[12.554s] -- Installing: /home/ms/Documents/NSU2025_late/Robototechnics/Archive_22.12/install/action_cleaning_robot/share/action_cleaning_robot/local_setup.zsh
[12.555s] -- Installing: /home/ms/Documents/NSU2025_late/Robototechnics/Archive_22.12/install/action_cleaning_robot/share/action_cleaning_robot/local_setup.dsv
[12.555s] -- Installing: /home/ms/Documents/NSU2025_late/Robototechnics/Archive_22.12/install/action_cleaning_robot/share/action_cleaning_robot/package.dsv
[12.556s] -- Installing: /home/ms/Documents/NSU2025_late/Robototechnics/Archive_22.12/install/action_cleaning_robot/share/ament_index/resource_index/packages/action_cleaning_robot
[12.556s] -- Installing: /home/ms/Documents/NSU2025_late/Robototechnics/Archive_22.12/install/action_cleaning_robot/share/action_cleaning_robot/cmake/export_action_cleaning_robot__rosidl_generator_cExport.cmake
[12.556s] -- Installing: /home/ms/Documents/NSU2025_late/Robototechnics/Archive_22.12/install/action_cleaning_robot/share/action_cleaning_robot/cmake/export_action_cleaning_robot__rosidl_generator_cExport-noconfig.cmake
[12.557s] -- Installing: /home/ms/Documents/NSU2025_late/Robototechnics/Archive_22.12/install/action_cleaning_robot/share/action_cleaning_robot/cmake/export_action_cleaning_robot__rosidl_typesupport_fastrtps_cExport.cmake
[12.557s] -- Installing: /home/ms/Documents/NSU2025_late/Robototechnics/Archive_22.12/install/action_cleaning_robot/share/action_cleaning_robot/cmake/export_action_cleaning_robot__rosidl_typesupport_fastrtps_cExport-noconfig.cmake
[12.557s] -- Installing: /home/ms/Documents/NSU2025_late/Robototechnics/Archive_22.12/install/action_cleaning_robot/share/action_cleaning_robot/cmake/action_cleaning_robot__rosidl_typesupport_introspection_cExport.cmake
[12.558s] -- Installing: /home/ms/Documents/NSU2025_late/Robototechnics/Archive_22.12/install/action_cleaning_robot/share/action_cleaning_robot/cmake/action_cleaning_robot__rosidl_typesupport_introspection_cExport-noconfig.cmake
[12.558s] -- Installing: /home/ms/Documents/NSU2025_late/Robototechnics/Archive_22.12/install/action_cleaning_robot/share/action_cleaning_robot/cmake/action_cleaning_robot__rosidl_typesupport_cExport.cmake
[12.558s] -- Installing: /home/ms/Documents/NSU2025_late/Robototechnics/Archive_22.12/install/action_cleaning_robot/share/action_cleaning_robot/cmake/action_cleaning_robot__rosidl_typesupport_cExport-noconfig.cmake
[12.558s] -- Installing: /home/ms/Documents/NSU2025_late/Robototechnics/Archive_22.12/install/action_cleaning_robot/share/action_cleaning_robot/cmake/export_action_cleaning_robot__rosidl_generator_cppExport.cmake
[12.559s] -- Installing: /home/ms/Documents/NSU2025_late/Robototechnics/Archive_22.12/install/action_cleaning_robot/share/action_cleaning_robot/cmake/export_action_cleaning_robot__rosidl_typesupport_fastrtps_cppExport.cmake
[12.559s] -- Installing: /home/ms/Documents/NSU2025_late/Robototechnics/Archive_22.12/install/action_cleaning_robot/share/action_cleaning_robot/cmake/export_action_cleaning_robot__rosidl_typesupport_fastrtps_cppExport-noconfig.cmake
[12.559s] -- Installing: /home/ms/Documents/NSU2025_late/Robototechnics/Archive_22.12/install/action_cleaning_robot/share/action_cleaning_robot/cmake/action_cleaning_robot__rosidl_typesupport_introspection_cppExport.cmake
[12.560s] -- Installing: /home/ms/Documents/NSU2025_late/Robototechnics/Archive_22.12/install/action_cleaning_robot/share/action_cleaning_robot/cmake/action_cleaning_robot__rosidl_typesupport_introspection_cppExport-noconfig.cmake
[12.560s] -- Installing: /home/ms/Documents/NSU2025_late/Robototechnics/Archive_22.12/install/action_cleaning_robot/share/action_cleaning_robot/cmake/action_cleaning_robot__rosidl_typesupport_cppExport.cmake
[12.560s] -- Installing: /home/ms/Documents/NSU2025_late/Robototechnics/Archive_22.12/install/action_cleaning_robot/share/action_cleaning_robot/cmake/action_cleaning_robot__rosidl_typesupport_cppExport-noconfig.cmake
[12.560s] -- Installing: /home/ms/Documents/NSU2025_late/Robototechnics/Archive_22.12/install/action_cleaning_robot/share/action_cleaning_robot/cmake/export_action_cleaning_robot__rosidl_generator_pyExport.cmake
[12.561s] -- Installing: /home/ms/Documents/NSU2025_late/Robototechnics/Archive_22.12/install/action_cleaning_robot/share/action_cleaning_robot/cmake/export_action_cleaning_robot__rosidl_generator_pyExport-noconfig.cmake
[12.561s] -- Installing: /home/ms/Documents/NSU2025_late/Robototechnics/Archive_22.12/install/action_cleaning_robot/share/action_cleaning_robot/cmake/rosidl_cmake-extras.cmake
[12.561s] -- Installing: /home/ms/Documents/NSU2025_late/Robototechnics/Archive_22.12/install/action_cleaning_robot/share/action_cleaning_robot/cmake/ament_cmake_export_dependencies-extras.cmake
[12.562s] -- Installing: /home/ms/Documents/NSU2025_late/Robototechnics/Archive_22.12/install/action_cleaning_robot/share/action_cleaning_robot/cmake/ament_cmake_export_include_directories-extras.cmake
[12.562s] -- Installing: /home/ms/Documents/NSU2025_late/Robototechnics/Archive_22.12/install/action_cleaning_robot/share/action_cleaning_robot/cmake/ament_cmake_export_libraries-extras.cmake
[12.562s] -- Installing: /home/ms/Documents/NSU2025_late/Robototechnics/Archive_22.12/install/action_cleaning_robot/share/action_cleaning_robot/cmake/ament_cmake_export_targets-extras.cmake
[12.562s] -- Installing: /home/ms/Documents/NSU2025_late/Robototechnics/Archive_22.12/install/action_cleaning_robot/share/action_cleaning_robot/cmake/rosidl_cmake_export_typesupport_targets-extras.cmake
[12.563s] -- Installing: /home/ms/Documents/NSU2025_late/Robototechnics/Archive_22.12/install/action_cleaning_robot/share/action_cleaning_robot/cmake/rosidl_cmake_export_typesupport_libraries-extras.cmake
[12.563s] -- Installing: /home/ms/Documents/NSU2025_late/Robototechnics/Archive_22.12/install/action_cleaning_robot/share/action_cleaning_robot/cmake/action_cleaning_robotConfig.cmake
[12.563s] -- Installing: /home/ms/Documents/NSU2025_late/Robototechnics/Archive_22.12/install/action_cleaning_robot/share/action_cleaning_robot/cmake/action_cleaning_robotConfig-version.cmake
[12.564s] -- Installing: /home/ms/Documents/NSU2025_late/Robototechnics/Archive_22.12/install/action_cleaning_robot/share/action_cleaning_robot/package.xml
[12.568s] Invoked command in '/home/ms/Documents/NSU2025_late/Robototechnics/Archive_22.12/build/action_cleaning_robot' returned '0': CMAKE_PREFIX_PATH=${CMAKE_PREFIX_PATH}:/opt/ros/jazzy DEBUGINFOD_URLS=https://debuginfod.ubuntu.com /usr/bin/cmake --install /home/ms/Documents/NSU2025_late/Robototechnics/Archive_22.12/build/action_cleaning_robot
