[4.402s] Invoking command in '/home/ms/Documents/NSU2025_late/Robototechnics/Archive_22.12/src/py_srvcli': DEBUGINFOD_URLS=https://debuginfod.ubuntu.com PYTHONPATH=/home/ms/Documents/NSU2025_late/Robototechnics/Archive_22.12/build/py_srvcli/prefix_override:/usr/lib/python3/dist-packages/colcon_core/task/python/colcon_distutils_commands:/home/ms/Documents/NSU2025_late/Robototechnics/Archive_22.12/install/py_srvcli/lib/python3.12/site-packages:${PYTHONPATH} /usr/bin/python3 -W ignore:setup.py install is deprecated -W ignore:easy_install command is deprecated setup.py egg_info --egg-base ../../build/py_srvcli build --build-base /home/ms/Documents/NSU2025_late/Robototechnics/Archive_22.12/build/py_srvcli/build install --record /home/ms/Documents/NSU2025_late/Robototechnics/Archive_22.12/build/py_srvcli/install.log --single-version-externally-managed install_data
[4.781s] running egg_info
[4.782s] creating ../../build/py_srvcli/py_srvcli.egg-info
[4.811s] writing ../../build/py_srvcli/py_srvcli.egg-info/PKG-INFO
[4.811s] writing dependency_links to ../../build/py_srvcli/py_srvcli.egg-info/dependency_links.txt
[4.812s] writing entry points to ../../build/py_srvcli/py_srvcli.egg-info/entry_points.txt
[4.812s] writing requirements to ../../build/py_srvcli/py_srvcli.egg-info/requires.txt
[4.812s] writing top-level names to ../../build/py_srvcli/py_srvcli.egg-info/top_level.txt
[4.813s] writing manifest file '../../build/py_srvcli/py_srvcli.egg-info/SOURCES.txt'
[4.872s] reading manifest file '../../build/py_srvcli/py_srvcli.egg-info/SOURCES.txt'
[4.872s] adding license file 'LICENSE'
[4.873s] writing manifest file '../../build/py_srvcli/py_srvcli.egg-info/SOURCES.txt'
[4.873s] running build
[4.873s] running build_py
[4.874s] creating /home/ms/Documents/NSU2025_late/Robototechnics/Archive_22.12/build/py_srvcli/build
[4.874s] creating /home/ms/Documents/NSU2025_late/Robototechnics/Archive_22.12/build/py_srvcli/build/lib
[4.874s] creating /home/ms/Documents/NSU2025_late/Robototechnics/Archive_22.12/build/py_srvcli/build/lib/py_srvcli
[4.874s] copying py_srvcli/service_member_function.py -> /home/ms/Documents/NSU2025_late/Robototechnics/Archive_22.12/build/py_srvcli/build/lib/py_srvcli
[4.874s] copying py_srvcli/client_member_function.py -> /home/ms/Documents/NSU2025_late/Robototechnics/Archive_22.12/build/py_srvcli/build/lib/py_srvcli
[4.875s] copying py_srvcli/__init__.py -> /home/ms/Documents/NSU2025_late/Robototechnics/Archive_22.12/build/py_srvcli/build/lib/py_srvcli
[4.875s] running install
[4.887s] running install_lib
[4.912s] creating /home/ms/Documents/NSU2025_late/Robototechnics/Archive_22.12/install/py_srvcli/lib/python3.12/site-packages/py_srvcli
[4.913s] copying /home/ms/Documents/NSU2025_late/Robototechnics/Archive_22.12/build/py_srvcli/build/lib/py_srvcli/service_member_function.py -> /home/ms/Documents/NSU2025_late/Robototechnics/Archive_22.12/install/py_srvcli/lib/python3.12/site-packages/py_srvcli
[4.913s] copying /home/ms/Documents/NSU2025_late/Robototechnics/Archive_22.12/build/py_srvcli/build/lib/py_srvcli/client_member_function.py -> /home/ms/Documents/NSU2025_late/Robototechnics/Archive_22.12/install/py_srvcli/lib/python3.12/site-packages/py_srvcli
[4.913s] copying /home/ms/Documents/NSU2025_late/Robototechnics/Archive_22.12/build/py_srvcli/build/lib/py_srvcli/__init__.py -> /home/ms/Documents/NSU2025_late/Robototechnics/Archive_22.12/install/py_srvcli/lib/python3.12/site-packages/py_srvcli
[4.914s] byte-compiling /home/ms/Documents/NSU2025_late/Robototechnics/Archive_22.12/install/py_srvcli/lib/python3.12/site-packages/py_srvcli/service_member_function.py to service_member_function.cpython-312.pyc
[4.914s] byte-compiling /home/ms/Documents/NSU2025_late/Robototechnics/Archive_22.12/install/py_srvcli/lib/python3.12/site-packages/py_srvcli/client_member_function.py to client_member_function.cpython-312.pyc
[4.915s] byte-compiling /home/ms/Documents/NSU2025_late/Robototechnics/Archive_22.12/install/py_srvcli/lib/python3.12/site-packages/py_srvcli/__init__.py to __init__.cpython-312.pyc
[4.915s] running install_data
[4.916s] creating /home/ms/Documents/NSU2025_late/Robototechnics/Archive_22.12/install/py_srvcli/share/ament_index
[4.916s] creating /home/ms/Documents/NSU2025_late/Robototechnics/Archive_22.12/install/py_srvcli/share/ament_index/resource_index
[4.916s] creating /home/ms/Documents/NSU2025_late/Robototechnics/Archive_22.12/install/py_srvcli/share/ament_index/resource_index/packages
[4.916s] copying resource/py_srvcli -> /home/ms/Documents/NSU2025_late/Robototechnics/Archive_22.12/install/py_srvcli/share/ament_index/resource_index/packages
[4.917s] copying package.xml -> /home/ms/Documents/NSU2025_late/Robototechnics/Archive_22.12/install/py_srvcli/share/py_srvcli
[4.917s] running install_egg_info
[4.964s] Copying ../../build/py_srvcli/py_srvcli.egg-info to /home/ms/Documents/NSU2025_late/Robototechnics/Archive_22.12/install/py_srvcli/lib/python3.12/site-packages/py_srvcli-0.0.0-py3.12.egg-info
[4.964s] running install_scripts
[5.167s] Installing client script to /home/ms/Documents/NSU2025_late/Robototechnics/Archive_22.12/install/py_srvcli/lib/py_srvcli
[5.168s] Installing service script to /home/ms/Documents/NSU2025_late/Robototechnics/Archive_22.12/install/py_srvcli/lib/py_srvcli
[5.168s] writing list of installed files to '/home/ms/Documents/NSU2025_late/Robototechnics/Archive_22.12/build/py_srvcli/install.log'
[5.219s] Invoked command in '/home/ms/Documents/NSU2025_late/Robototechnics/Archive_22.12/src/py_srvcli' returned '0': DEBUGINFOD_URLS=https://debuginfod.ubuntu.com PYTHONPATH=/home/ms/Documents/NSU2025_late/Robototechnics/Archive_22.12/build/py_srvcli/prefix_override:/usr/lib/python3/dist-packages/colcon_core/task/python/colcon_distutils_commands:/home/ms/Documents/NSU2025_late/Robototechnics/Archive_22.12/install/py_srvcli/lib/python3.12/site-packages:${PYTHONPATH} /usr/bin/python3 -W ignore:setup.py install is deprecated -W ignore:easy_install command is deprecated setup.py egg_info --egg-base ../../build/py_srvcli build --build-base /home/ms/Documents/NSU2025_late/Robototechnics/Archive_22.12/build/py_srvcli/build install --record /home/ms/Documents/NSU2025_late/Robototechnics/Archive_22.12/build/py_srvcli/install.log --single-version-externally-managed install_data
