[0.018s] Invoking command in '/home/ms/ros2_ws/src/tutorial_interfaces/build/tutorial_interfaces': /usr/bin/cmake /home/ms/ros2_ws/src/tutorial_interfaces -DCMAKE_INSTALL_PREFIX=/home/ms/ros2_ws/src/tutorial_interfaces/install/tutorial_interfaces
[0.297s] -- The C compiler identification is GNU 11.4.0
[0.612s] -- The CXX compiler identification is GNU 11.4.0
[0.649s] -- Detecting C compiler ABI info
[0.862s] -- Detecting C compiler ABI info - done
[0.908s] -- Check for working C compiler: /usr/bin/cc - skipped
[0.913s] -- Detecting C compile features
[0.915s] -- Detecting C compile features - done
[0.931s] -- Detecting CXX compiler ABI info
[1.157s] -- Detecting CXX compiler ABI info - done
[1.172s] -- Check for working CXX compiler: /usr/bin/c++ - skipped
[1.173s] -- Detecting CXX compile features
[1.174s] -- Detecting CXX compile features - done
[1.209s] [31mCMake Error at CMakeLists.txt:9 (find_package):
[1.209s]   By not providing "Findament_cmake.cmake" in CMAKE_MODULE_PATH this project
[1.210s]   has asked CMake to find a package configuration file provided by
[1.210s]   "ament_cmake", but CMake did not find one.
[1.210s] 
[1.210s]   Could not find a package configuration file provided by "ament_cmake" with
[1.210s]   any of the following names:
[1.210s] 
[1.210s]     ament_cmakeConfig.cmake
[1.211s]     ament_cmake-config.cmake
[1.211s] 
[1.211s]   Add the installation prefix of "ament_cmake" to CMAKE_PREFIX_PATH or set
[1.211s]   "ament_cmake_DIR" to a directory containing one of the above files.  If
[1.211s]   "ament_cmake" provides a separate development package or SDK, be sure it
[1.211s]   has been installed.
[1.212s] 
[1.212s] [0m
[1.212s] -- Configuring incomplete, errors occurred!
[1.212s] See also "/home/ms/ros2_ws/src/tutorial_interfaces/build/tutorial_interfaces/CMakeFiles/CMakeOutput.log".
[1.215s] Invoked command in '/home/ms/ros2_ws/src/tutorial_interfaces/build/tutorial_interfaces' returned '1': /usr/bin/cmake /home/ms/ros2_ws/src/tutorial_interfaces -DCMAKE_INSTALL_PREFIX=/home/ms/ros2_ws/src/tutorial_interfaces/install/tutorial_interfaces
