[0.782s] Invoking command in '/home/ms/Documents/NSU2025_late/Robototechnics/Archive_22.12/build/action_tutorials_interfaces': CMAKE_PREFIX_PATH=${CMAKE_PREFIX_PATH}:/opt/ros/jazzy DEBUGINFOD_URLS=https://debuginfod.ubuntu.com /usr/bin/cmake /home/ms/Documents/NSU2025_late/Robototechnics/Archive_22.12/src/action_tutorials_interfaces -DCMAKE_INSTALL_PREFIX=/home/ms/Documents/NSU2025_late/Robototechnics/Archive_22.12/install/action_tutorials_interfaces
[2.941s] -- The C compiler identification is GNU 13.3.0
[2.941s] -- The CXX compiler identification is GNU 13.3.0
[2.941s] -- Detecting C compiler ABI info
[2.942s] -- Detecting C compiler ABI info - done
[2.942s] -- Check for working C compiler: /usr/bin/cc - skipped
[2.942s] -- Detecting C compile features
[2.942s] -- Detecting C compile features - done
[2.942s] -- Detecting CXX compiler ABI info
[2.942s] -- Detecting CXX compiler ABI info - done
[2.942s] -- Check for working CXX compiler: /usr/bin/c++ - skipped
[2.942s] -- Detecting CXX compile features
[2.942s] -- Detecting CXX compile features - done
[2.943s] -- Found ament_cmake: 2.5.4 (/opt/ros/jazzy/share/ament_cmake/cmake)
[2.943s] -- Found Python3: /usr/bin/python3 (found version "3.12.3") found components: Interpreter 
[2.943s] -- Found ament_lint_auto: 0.17.3 (/opt/ros/jazzy/share/ament_lint_auto/cmake)
[2.943s] -- Found rosidl_default_generators: 1.6.0 (/opt/ros/jazzy/share/rosidl_default_generators/cmake)
[2.943s] -- Using all available rosidl_typesupport_c: rosidl_typesupport_fastrtps_c;rosidl_typesupport_introspection_c
[2.943s] -- Using all available rosidl_typesupport_cpp: rosidl_typesupport_fastrtps_cpp;rosidl_typesupport_introspection_cpp
[2.943s] -- Found rosidl_adapter: 4.6.6 (/opt/ros/jazzy/share/rosidl_adapter/cmake)
[2.943s] -- Found ament_cmake_ros: 0.12.0 (/opt/ros/jazzy/share/ament_cmake_ros/cmake)
[3.610s] -- Using all available rosidl_typesupport_c: rosidl_typesupport_fastrtps_c;rosidl_typesupport_introspection_c
[4.473s] -- Using all available rosidl_typesupport_cpp: rosidl_typesupport_fastrtps_cpp;rosidl_typesupport_introspection_cpp
[4.477s] -- Found python_cmake_module: 0.11.1 (/opt/ros/jazzy/share/python_cmake_module/cmake)
[4.672s] -- Found PythonExtra: /usr/bin/python3  
[5.288s] -- Found Python3: /usr/bin/python3 (found version "3.12.3") found components: Interpreter Development NumPy Development.Module Development.Embed 
[5.371s] -- Added test 'lint_cmake' to check CMake code style
[5.375s] -- Added test 'xmllint' to check XML markup files
[5.385s] -- Configuring done (4.6s)
[5.446s] -- Generating done (0.1s)
[5.464s] -- Build files have been written to: /home/ms/Documents/NSU2025_late/Robototechnics/Archive_22.12/build/action_tutorials_interfaces
[5.478s] Invoked command in '/home/ms/Documents/NSU2025_late/Robototechnics/Archive_22.12/build/action_tutorials_interfaces' returned '0': CMAKE_PREFIX_PATH=${CMAKE_PREFIX_PATH}:/opt/ros/jazzy DEBUGINFOD_URLS=https://debuginfod.ubuntu.com /usr/bin/cmake /home/ms/Documents/NSU2025_late/Robototechnics/Archive_22.12/src/action_tutorials_interfaces -DCMAKE_INSTALL_PREFIX=/home/ms/Documents/NSU2025_late/Robototechnics/Archive_22.12/install/action_tutorials_interfaces
[5.480s] Invoking command in '/home/ms/Documents/NSU2025_late/Robototechnics/Archive_22.12/build/action_tutorials_interfaces': CMAKE_PREFIX_PATH=${CMAKE_PREFIX_PATH}:/opt/ros/jazzy DEBUGINFOD_URLS=https://debuginfod.ubuntu.com /usr/bin/cmake --build /home/ms/Documents/NSU2025_late/Robototechnics/Archive_22.12/build/action_tutorials_interfaces -- -j28 -l28
[5.539s] [  2%] [34m[1mGenerating type hashes for ROS interfaces[0m
[5.548s] [  2%] Built target ament_cmake_python_copy_action_tutorials_interfaces
[5.819s] [  2%] Built target action_tutorials_interfaces__rosidl_generator_type_description
[5.832s] [  5%] [34m[1mGenerating C code for ROS interfaces[0m
[5.848s] [  8%] [34m[1mGenerating C++ code for ROS interfaces[0m
[5.909s] running egg_info
[5.910s] creating action_tutorials_interfaces.egg-info
[5.940s] writing action_tutorials_interfaces.egg-info/PKG-INFO
[5.940s] writing dependency_links to action_tutorials_interfaces.egg-info/dependency_links.txt
[5.940s] writing top-level names to action_tutorials_interfaces.egg-info/top_level.txt
[5.940s] writing manifest file 'action_tutorials_interfaces.egg-info/SOURCES.txt'
[6.041s] reading manifest file 'action_tutorials_interfaces.egg-info/SOURCES.txt'
[6.042s] writing manifest file 'action_tutorials_interfaces.egg-info/SOURCES.txt'
[6.073s] [  8%] Built target ament_cmake_python_build_action_tutorials_interfaces_egg
[6.413s] [  8%] Built target action_tutorials_interfaces__cpp
[6.469s] [ 17%] [32mBuilding C object CMakeFiles/action_tutorials_interfaces__rosidl_generator_c.dir/rosidl_generator_c/action_tutorials_interfaces/action/detail/fibonacci__functions.c.o[0m
[6.469s] [ 17%] [32mBuilding C object CMakeFiles/action_tutorials_interfaces__rosidl_generator_c.dir/rosidl_generator_c/action_tutorials_interfaces/action/detail/fibonacci__description.c.o[0m
[6.469s] [ 17%] [32mBuilding C object CMakeFiles/action_tutorials_interfaces__rosidl_generator_c.dir/rosidl_generator_c/action_tutorials_interfaces/action/detail/fibonacci__type_support.c.o[0m
[6.701s] [ 20%] [32m[1mLinking C shared library libaction_tutorials_interfaces__rosidl_generator_c.so[0m
[6.750s] [ 20%] Built target action_tutorials_interfaces__rosidl_generator_c
[6.764s] [ 35%] [34m[1mGenerating C type support for eProsima Fast-RTPS[0m
[6.764s] [ 35%] [34m[1mGenerating C type support dispatch for ROS interfaces[0m
[6.764s] [ 35%] [34m[1mGenerating C introspection for ROS interfaces[0m
[6.765s] [ 35%] [34m[1mGenerating C++ type support for eProsima Fast-RTPS[0m
[6.765s] [ 35%] [34m[1mGenerating C++ type support dispatch for ROS interfaces[0m
[6.765s] [ 38%] [34m[1mGenerating C++ introspection for ROS interfaces[0m
[7.120s] [ 41%] [32mBuilding CXX object CMakeFiles/action_tutorials_interfaces__rosidl_typesupport_c.dir/rosidl_typesupport_c/action_tutorials_interfaces/action/fibonacci__type_support.cpp.o[0m
[7.128s] [ 44%] [32mBuilding CXX object CMakeFiles/action_tutorials_interfaces__rosidl_typesupport_cpp.dir/rosidl_typesupport_cpp/action_tutorials_interfaces/action/fibonacci__type_support.cpp.o[0m
[7.195s] [ 47%] [32m[1mLinking CXX shared library libaction_tutorials_interfaces__rosidl_typesupport_c.so[0m
[7.234s] [ 50%] [32mBuilding CXX object CMakeFiles/action_tutorials_interfaces__rosidl_typesupport_introspection_cpp.dir/rosidl_typesupport_introspection_cpp/action_tutorials_interfaces/action/detail/fibonacci__type_support.cpp.o[0m
[7.239s] [ 52%] [32mBuilding C object CMakeFiles/action_tutorials_interfaces__rosidl_typesupport_introspection_c.dir/rosidl_typesupport_introspection_c/action_tutorials_interfaces/action/detail/fibonacci__type_support.c.o[0m
[7.253s] [ 52%] Built target action_tutorials_interfaces__rosidl_typesupport_c
[7.342s] [ 55%] [32m[1mLinking C shared library libaction_tutorials_interfaces__rosidl_typesupport_introspection_c.so[0m
[7.383s] [ 58%] [32mBuilding CXX object CMakeFiles/action_tutorials_interfaces__rosidl_typesupport_fastrtps_cpp.dir/rosidl_typesupport_fastrtps_cpp/action_tutorials_interfaces/action/detail/dds_fastrtps/fibonacci__type_support.cpp.o[0m
[7.390s] [ 58%] Built target action_tutorials_interfaces__rosidl_typesupport_introspection_c
[7.802s] [ 61%] [32mBuilding CXX object CMakeFiles/action_tutorials_interfaces__rosidl_typesupport_fastrtps_c.dir/rosidl_typesupport_fastrtps_c/action_tutorials_interfaces/action/detail/fibonacci__type_support_c.cpp.o[0m
[8.323s] [ 64%] [32m[1mLinking CXX shared library libaction_tutorials_interfaces__rosidl_typesupport_cpp.so[0m
[8.414s] [ 64%] Built target action_tutorials_interfaces__rosidl_typesupport_cpp
[8.589s] [ 67%] [32m[1mLinking CXX shared library libaction_tutorials_interfaces__rosidl_typesupport_introspection_cpp.so[0m
[8.716s] [ 67%] Built target action_tutorials_interfaces__rosidl_typesupport_introspection_cpp
[8.757s] [ 70%] [32m[1mLinking CXX shared library libaction_tutorials_interfaces__rosidl_typesupport_fastrtps_c.so[0m
[8.825s] [ 70%] Built target action_tutorials_interfaces__rosidl_typesupport_fastrtps_c
[9.013s] [ 73%] [32m[1mLinking CXX shared library libaction_tutorials_interfaces__rosidl_typesupport_fastrtps_cpp.so[0m
[9.102s] [ 73%] Built target action_tutorials_interfaces__rosidl_typesupport_fastrtps_cpp
[9.132s] [ 73%] Built target action_tutorials_interfaces
[9.158s] [ 76%] [34m[1mGenerating Python code for ROS interfaces[0m
[10.102s] [ 76%] Built target action_tutorials_interfaces__py
[10.128s] [ 79%] [32mBuilding C object CMakeFiles/action_tutorials_interfaces__rosidl_generator_py.dir/rosidl_generator_py/action_tutorials_interfaces/action/_fibonacci_s.c.o[0m
[10.471s] [ 82%] [32m[1mLinking C shared library libaction_tutorials_interfaces__rosidl_generator_py.so[0m
[10.538s] [ 82%] Built target action_tutorials_interfaces__rosidl_generator_py
[10.573s] [ 85%] [32mBuilding C object CMakeFiles/action_tutorials_interfaces_s__rosidl_typesupport_introspection_c.dir/rosidl_generator_py/action_tutorials_interfaces/_action_tutorials_interfaces_s.ep.rosidl_typesupport_introspection_c.c.o[0m
[10.573s] [ 88%] [32mBuilding C object CMakeFiles/action_tutorials_interfaces_s__rosidl_typesupport_fastrtps_c.dir/rosidl_generator_py/action_tutorials_interfaces/_action_tutorials_interfaces_s.ep.rosidl_typesupport_fastrtps_c.c.o[0m
[10.574s] [ 91%] [32mBuilding C object CMakeFiles/action_tutorials_interfaces_s__rosidl_typesupport_c.dir/rosidl_generator_py/action_tutorials_interfaces/_action_tutorials_interfaces_s.ep.rosidl_typesupport_c.c.o[0m
[10.760s] [ 94%] [32m[1mLinking C shared module rosidl_generator_py/action_tutorials_interfaces/action_tutorials_interfaces_s__rosidl_typesupport_introspection_c.so[0m
[10.779s] [ 97%] [32m[1mLinking C shared module rosidl_generator_py/action_tutorials_interfaces/action_tutorials_interfaces_s__rosidl_typesupport_c.so[0m
[10.783s] [100%] [32m[1mLinking C shared module rosidl_generator_py/action_tutorials_interfaces/action_tutorials_interfaces_s__rosidl_typesupport_fastrtps_c.so[0m
[10.805s] [100%] Built target action_tutorials_interfaces_s__rosidl_typesupport_introspection_c
[10.826s] [100%] Built target action_tutorials_interfaces_s__rosidl_typesupport_c
[10.826s] [100%] Built target action_tutorials_interfaces_s__rosidl_typesupport_fastrtps_c
[10.842s] Invoked command in '/home/ms/Documents/NSU2025_late/Robototechnics/Archive_22.12/build/action_tutorials_interfaces' returned '0': CMAKE_PREFIX_PATH=${CMAKE_PREFIX_PATH}:/opt/ros/jazzy DEBUGINFOD_URLS=https://debuginfod.ubuntu.com /usr/bin/cmake --build /home/ms/Documents/NSU2025_late/Robototechnics/Archive_22.12/build/action_tutorials_interfaces -- -j28 -l28
[10.846s] Invoking command in '/home/ms/Documents/NSU2025_late/Robototechnics/Archive_22.12/build/action_tutorials_interfaces': CMAKE_PREFIX_PATH=${CMAKE_PREFIX_PATH}:/opt/ros/jazzy DEBUGINFOD_URLS=https://debuginfod.ubuntu.com /usr/bin/cmake --install /home/ms/Documents/NSU2025_late/Robototechnics/Archive_22.12/build/action_tutorials_interfaces
[10.856s] -- Install configuration: ""
[10.857s] -- Installing: /home/ms/Documents/NSU2025_late/Robototechnics/Archive_22.12/install/action_tutorials_interfaces/share/ament_index/resource_index/rosidl_interfaces/action_tutorials_interfaces
[10.857s] -- Installing: /home/ms/Documents/NSU2025_late/Robototechnics/Archive_22.12/install/action_tutorials_interfaces/share/action_tutorials_interfaces/action/Fibonacci.json
[10.858s] -- Installing: /home/ms/Documents/NSU2025_late/Robototechnics/Archive_22.12/install/action_tutorials_interfaces/include/action_tutorials_interfaces/action_tutorials_interfaces
[10.858s] -- Installing: /home/ms/Documents/NSU2025_late/Robototechnics/Archive_22.12/install/action_tutorials_interfaces/include/action_tutorials_interfaces/action_tutorials_interfaces/action
[10.858s] -- Installing: /home/ms/Documents/NSU2025_late/Robototechnics/Archive_22.12/install/action_tutorials_interfaces/include/action_tutorials_interfaces/action_tutorials_interfaces/action/fibonacci.h
[10.859s] -- Installing: /home/ms/Documents/NSU2025_late/Robototechnics/Archive_22.12/install/action_tutorials_interfaces/include/action_tutorials_interfaces/action_tutorials_interfaces/action/detail
[10.859s] -- Installing: /home/ms/Documents/NSU2025_late/Robototechnics/Archive_22.12/install/action_tutorials_interfaces/include/action_tutorials_interfaces/action_tutorials_interfaces/action/detail/fibonacci__struct.h
[10.859s] -- Installing: /home/ms/Documents/NSU2025_late/Robototechnics/Archive_22.12/install/action_tutorials_interfaces/include/action_tutorials_interfaces/action_tutorials_interfaces/action/detail/fibonacci__functions.c
[10.860s] -- Installing: /home/ms/Documents/NSU2025_late/Robototechnics/Archive_22.12/install/action_tutorials_interfaces/include/action_tutorials_interfaces/action_tutorials_interfaces/action/detail/fibonacci__description.c
[10.860s] -- Installing: /home/ms/Documents/NSU2025_late/Robototechnics/Archive_22.12/install/action_tutorials_interfaces/include/action_tutorials_interfaces/action_tutorials_interfaces/action/detail/fibonacci__functions.h
[10.861s] -- Installing: /home/ms/Documents/NSU2025_late/Robototechnics/Archive_22.12/install/action_tutorials_interfaces/include/action_tutorials_interfaces/action_tutorials_interfaces/action/detail/fibonacci__type_support.c
[10.861s] -- Installing: /home/ms/Documents/NSU2025_late/Robototechnics/Archive_22.12/install/action_tutorials_interfaces/include/action_tutorials_interfaces/action_tutorials_interfaces/action/detail/fibonacci__type_support.h
[10.861s] -- Installing: /home/ms/Documents/NSU2025_late/Robototechnics/Archive_22.12/install/action_tutorials_interfaces/include/action_tutorials_interfaces/action_tutorials_interfaces/msg
[10.862s] -- Installing: /home/ms/Documents/NSU2025_late/Robototechnics/Archive_22.12/install/action_tutorials_interfaces/include/action_tutorials_interfaces/action_tutorials_interfaces/msg/rosidl_generator_c__visibility_control.h
[10.862s] -- Installing: /home/ms/Documents/NSU2025_late/Robototechnics/Archive_22.12/install/action_tutorials_interfaces/share/action_tutorials_interfaces/environment/library_path.sh
[10.863s] -- Installing: /home/ms/Documents/NSU2025_late/Robototechnics/Archive_22.12/install/action_tutorials_interfaces/share/action_tutorials_interfaces/environment/library_path.dsv
[10.863s] -- Installing: /home/ms/Documents/NSU2025_late/Robototechnics/Archive_22.12/install/action_tutorials_interfaces/lib/libaction_tutorials_interfaces__rosidl_generator_c.so
[10.863s] -- Set non-toolchain portion of runtime path of "/home/ms/Documents/NSU2025_late/Robototechnics/Archive_22.12/install/action_tutorials_interfaces/lib/libaction_tutorials_interfaces__rosidl_generator_c.so" to ""
[10.864s] -- Up-to-date: /home/ms/Documents/NSU2025_late/Robototechnics/Archive_22.12/install/action_tutorials_interfaces/include/action_tutorials_interfaces/action_tutorials_interfaces
[10.864s] -- Up-to-date: /home/ms/Documents/NSU2025_late/Robototechnics/Archive_22.12/install/action_tutorials_interfaces/include/action_tutorials_interfaces/action_tutorials_interfaces/action
[10.864s] -- Up-to-date: /home/ms/Documents/NSU2025_late/Robototechnics/Archive_22.12/install/action_tutorials_interfaces/include/action_tutorials_interfaces/action_tutorials_interfaces/action/detail
[10.864s] -- Installing: /home/ms/Documents/NSU2025_late/Robototechnics/Archive_22.12/install/action_tutorials_interfaces/include/action_tutorials_interfaces/action_tutorials_interfaces/action/detail/fibonacci__rosidl_typesupport_fastrtps_c.h
[10.865s] -- Up-to-date: /home/ms/Documents/NSU2025_late/Robototechnics/Archive_22.12/install/action_tutorials_interfaces/include/action_tutorials_interfaces/action_tutorials_interfaces/msg
[10.865s] -- Installing: /home/ms/Documents/NSU2025_late/Robototechnics/Archive_22.12/install/action_tutorials_interfaces/include/action_tutorials_interfaces/action_tutorials_interfaces/msg/rosidl_typesupport_fastrtps_c__visibility_control.h
[10.865s] -- Installing: /home/ms/Documents/NSU2025_late/Robototechnics/Archive_22.12/install/action_tutorials_interfaces/lib/libaction_tutorials_interfaces__rosidl_typesupport_fastrtps_c.so
[10.866s] -- Set non-toolchain portion of runtime path of "/home/ms/Documents/NSU2025_late/Robototechnics/Archive_22.12/install/action_tutorials_interfaces/lib/libaction_tutorials_interfaces__rosidl_typesupport_fastrtps_c.so" to ""
[10.866s] -- Up-to-date: /home/ms/Documents/NSU2025_late/Robototechnics/Archive_22.12/install/action_tutorials_interfaces/include/action_tutorials_interfaces/action_tutorials_interfaces
[10.867s] -- Up-to-date: /home/ms/Documents/NSU2025_late/Robototechnics/Archive_22.12/install/action_tutorials_interfaces/include/action_tutorials_interfaces/action_tutorials_interfaces/action
[10.867s] -- Up-to-date: /home/ms/Documents/NSU2025_late/Robototechnics/Archive_22.12/install/action_tutorials_interfaces/include/action_tutorials_interfaces/action_tutorials_interfaces/action/detail
[10.868s] -- Installing: /home/ms/Documents/NSU2025_late/Robototechnics/Archive_22.12/install/action_tutorials_interfaces/include/action_tutorials_interfaces/action_tutorials_interfaces/action/detail/fibonacci__rosidl_typesupport_introspection_c.h
[10.868s] -- Installing: /home/ms/Documents/NSU2025_late/Robototechnics/Archive_22.12/install/action_tutorials_interfaces/include/action_tutorials_interfaces/action_tutorials_interfaces/action/detail/fibonacci__type_support.c
[10.869s] -- Up-to-date: /home/ms/Documents/NSU2025_late/Robototechnics/Archive_22.12/install/action_tutorials_interfaces/include/action_tutorials_interfaces/action_tutorials_interfaces/msg
[10.869s] -- Installing: /home/ms/Documents/NSU2025_late/Robototechnics/Archive_22.12/install/action_tutorials_interfaces/include/action_tutorials_interfaces/action_tutorials_interfaces/msg/rosidl_typesupport_introspection_c__visibility_control.h
[10.870s] -- Installing: /home/ms/Documents/NSU2025_late/Robototechnics/Archive_22.12/install/action_tutorials_interfaces/lib/libaction_tutorials_interfaces__rosidl_typesupport_introspection_c.so
[10.870s] -- Set non-toolchain portion of runtime path of "/home/ms/Documents/NSU2025_late/Robototechnics/Archive_22.12/install/action_tutorials_interfaces/lib/libaction_tutorials_interfaces__rosidl_typesupport_introspection_c.so" to ""
[10.870s] -- Installing: /home/ms/Documents/NSU2025_late/Robototechnics/Archive_22.12/install/action_tutorials_interfaces/lib/libaction_tutorials_interfaces__rosidl_typesupport_c.so
[10.871s] -- Set non-toolchain portion of runtime path of "/home/ms/Documents/NSU2025_late/Robototechnics/Archive_22.12/install/action_tutorials_interfaces/lib/libaction_tutorials_interfaces__rosidl_typesupport_c.so" to ""
[10.871s] -- Up-to-date: /home/ms/Documents/NSU2025_late/Robototechnics/Archive_22.12/install/action_tutorials_interfaces/include/action_tutorials_interfaces/action_tutorials_interfaces
[10.872s] -- Up-to-date: /home/ms/Documents/NSU2025_late/Robototechnics/Archive_22.12/install/action_tutorials_interfaces/include/action_tutorials_interfaces/action_tutorials_interfaces/action
[10.872s] -- Installing: /home/ms/Documents/NSU2025_late/Robototechnics/Archive_22.12/install/action_tutorials_interfaces/include/action_tutorials_interfaces/action_tutorials_interfaces/action/fibonacci.hpp
[10.873s] -- Up-to-date: /home/ms/Documents/NSU2025_late/Robototechnics/Archive_22.12/install/action_tutorials_interfaces/include/action_tutorials_interfaces/action_tutorials_interfaces/action/detail
[10.873s] -- Installing: /home/ms/Documents/NSU2025_late/Robototechnics/Archive_22.12/install/action_tutorials_interfaces/include/action_tutorials_interfaces/action_tutorials_interfaces/action/detail/fibonacci__traits.hpp
[10.874s] -- Installing: /home/ms/Documents/NSU2025_late/Robototechnics/Archive_22.12/install/action_tutorials_interfaces/include/action_tutorials_interfaces/action_tutorials_interfaces/action/detail/fibonacci__type_support.hpp
[10.874s] -- Installing: /home/ms/Documents/NSU2025_late/Robototechnics/Archive_22.12/install/action_tutorials_interfaces/include/action_tutorials_interfaces/action_tutorials_interfaces/action/detail/fibonacci__builder.hpp
[10.875s] -- Installing: /home/ms/Documents/NSU2025_late/Robototechnics/Archive_22.12/install/action_tutorials_interfaces/include/action_tutorials_interfaces/action_tutorials_interfaces/action/detail/fibonacci__struct.hpp
[10.875s] -- Up-to-date: /home/ms/Documents/NSU2025_late/Robototechnics/Archive_22.12/install/action_tutorials_interfaces/include/action_tutorials_interfaces/action_tutorials_interfaces/msg
[10.875s] -- Installing: /home/ms/Documents/NSU2025_late/Robototechnics/Archive_22.12/install/action_tutorials_interfaces/include/action_tutorials_interfaces/action_tutorials_interfaces/msg/rosidl_generator_cpp__visibility_control.hpp
[10.876s] -- Up-to-date: /home/ms/Documents/NSU2025_late/Robototechnics/Archive_22.12/install/action_tutorials_interfaces/include/action_tutorials_interfaces/action_tutorials_interfaces
[10.876s] -- Up-to-date: /home/ms/Documents/NSU2025_late/Robototechnics/Archive_22.12/install/action_tutorials_interfaces/include/action_tutorials_interfaces/action_tutorials_interfaces/action
[10.877s] -- Up-to-date: /home/ms/Documents/NSU2025_late/Robototechnics/Archive_22.12/install/action_tutorials_interfaces/include/action_tutorials_interfaces/action_tutorials_interfaces/action/detail
[10.877s] -- Installing: /home/ms/Documents/NSU2025_late/Robototechnics/Archive_22.12/install/action_tutorials_interfaces/include/action_tutorials_interfaces/action_tutorials_interfaces/action/detail/dds_fastrtps
[10.877s] -- Installing: /home/ms/Documents/NSU2025_late/Robototechnics/Archive_22.12/install/action_tutorials_interfaces/include/action_tutorials_interfaces/action_tutorials_interfaces/action/detail/fibonacci__rosidl_typesupport_fastrtps_cpp.hpp
[10.877s] -- Up-to-date: /home/ms/Documents/NSU2025_late/Robototechnics/Archive_22.12/install/action_tutorials_interfaces/include/action_tutorials_interfaces/action_tutorials_interfaces/msg
[10.877s] -- Installing: /home/ms/Documents/NSU2025_late/Robototechnics/Archive_22.12/install/action_tutorials_interfaces/include/action_tutorials_interfaces/action_tutorials_interfaces/msg/rosidl_typesupport_fastrtps_cpp__visibility_control.h
[10.878s] -- Installing: /home/ms/Documents/NSU2025_late/Robototechnics/Archive_22.12/install/action_tutorials_interfaces/lib/libaction_tutorials_interfaces__rosidl_typesupport_fastrtps_cpp.so
[10.878s] -- Set non-toolchain portion of runtime path of "/home/ms/Documents/NSU2025_late/Robototechnics/Archive_22.12/install/action_tutorials_interfaces/lib/libaction_tutorials_interfaces__rosidl_typesupport_fastrtps_cpp.so" to ""
[10.878s] -- Up-to-date: /home/ms/Documents/NSU2025_late/Robototechnics/Archive_22.12/install/action_tutorials_interfaces/include/action_tutorials_interfaces/action_tutorials_interfaces
[10.878s] -- Up-to-date: /home/ms/Documents/NSU2025_late/Robototechnics/Archive_22.12/install/action_tutorials_interfaces/include/action_tutorials_interfaces/action_tutorials_interfaces/action
[10.879s] -- Up-to-date: /home/ms/Documents/NSU2025_late/Robototechnics/Archive_22.12/install/action_tutorials_interfaces/include/action_tutorials_interfaces/action_tutorials_interfaces/action/detail
[10.879s] -- Installing: /home/ms/Documents/NSU2025_late/Robototechnics/Archive_22.12/install/action_tutorials_interfaces/include/action_tutorials_interfaces/action_tutorials_interfaces/action/detail/fibonacci__rosidl_typesupport_introspection_cpp.hpp
[10.879s] -- Installing: /home/ms/Documents/NSU2025_late/Robototechnics/Archive_22.12/install/action_tutorials_interfaces/include/action_tutorials_interfaces/action_tutorials_interfaces/action/detail/fibonacci__type_support.cpp
[10.879s] -- Installing: /home/ms/Documents/NSU2025_late/Robototechnics/Archive_22.12/install/action_tutorials_interfaces/lib/libaction_tutorials_interfaces__rosidl_typesupport_introspection_cpp.so
[10.879s] -- Set non-toolchain portion of runtime path of "/home/ms/Documents/NSU2025_late/Robototechnics/Archive_22.12/install/action_tutorials_interfaces/lib/libaction_tutorials_interfaces__rosidl_typesupport_introspection_cpp.so" to ""
[10.880s] -- Installing: /home/ms/Documents/NSU2025_late/Robototechnics/Archive_22.12/install/action_tutorials_interfaces/lib/libaction_tutorials_interfaces__rosidl_typesupport_cpp.so
[10.880s] -- Set non-toolchain portion of runtime path of "/home/ms/Documents/NSU2025_late/Robototechnics/Archive_22.12/install/action_tutorials_interfaces/lib/libaction_tutorials_interfaces__rosidl_typesupport_cpp.so" to ""
[10.880s] -- Installing: /home/ms/Documents/NSU2025_late/Robototechnics/Archive_22.12/install/action_tutorials_interfaces/share/action_tutorials_interfaces/environment/pythonpath.sh
[10.880s] -- Installing: /home/ms/Documents/NSU2025_late/Robototechnics/Archive_22.12/install/action_tutorials_interfaces/share/action_tutorials_interfaces/environment/pythonpath.dsv
[10.881s] -- Installing: /home/ms/Documents/NSU2025_late/Robototechnics/Archive_22.12/install/action_tutorials_interfaces/lib/python3.12/site-packages/action_tutorials_interfaces-0.0.0-py3.12.egg-info
[10.881s] -- Installing: /home/ms/Documents/NSU2025_late/Robototechnics/Archive_22.12/install/action_tutorials_interfaces/lib/python3.12/site-packages/action_tutorials_interfaces-0.0.0-py3.12.egg-info/PKG-INFO
[10.881s] -- Installing: /home/ms/Documents/NSU2025_late/Robototechnics/Archive_22.12/install/action_tutorials_interfaces/lib/python3.12/site-packages/action_tutorials_interfaces-0.0.0-py3.12.egg-info/SOURCES.txt
[10.881s] -- Installing: /home/ms/Documents/NSU2025_late/Robototechnics/Archive_22.12/install/action_tutorials_interfaces/lib/python3.12/site-packages/action_tutorials_interfaces-0.0.0-py3.12.egg-info/top_level.txt
[10.882s] -- Installing: /home/ms/Documents/NSU2025_late/Robototechnics/Archive_22.12/install/action_tutorials_interfaces/lib/python3.12/site-packages/action_tutorials_interfaces-0.0.0-py3.12.egg-info/dependency_links.txt
[10.882s] -- Installing: /home/ms/Documents/NSU2025_late/Robototechnics/Archive_22.12/install/action_tutorials_interfaces/lib/python3.12/site-packages/action_tutorials_interfaces
[10.882s] -- Installing: /home/ms/Documents/NSU2025_late/Robototechnics/Archive_22.12/install/action_tutorials_interfaces/lib/python3.12/site-packages/action_tutorials_interfaces/_action_tutorials_interfaces_s.ep.rosidl_typesupport_introspection_c.c
[10.882s] -- Installing: /home/ms/Documents/NSU2025_late/Robototechnics/Archive_22.12/install/action_tutorials_interfaces/lib/python3.12/site-packages/action_tutorials_interfaces/_action_tutorials_interfaces_s.ep.rosidl_typesupport_c.c
[10.883s] -- Installing: /home/ms/Documents/NSU2025_late/Robototechnics/Archive_22.12/install/action_tutorials_interfaces/lib/python3.12/site-packages/action_tutorials_interfaces/action
[10.883s] -- Installing: /home/ms/Documents/NSU2025_late/Robototechnics/Archive_22.12/install/action_tutorials_interfaces/lib/python3.12/site-packages/action_tutorials_interfaces/action/_fibonacci_s.c
[10.883s] -- Installing: /home/ms/Documents/NSU2025_late/Robototechnics/Archive_22.12/install/action_tutorials_interfaces/lib/python3.12/site-packages/action_tutorials_interfaces/action/__init__.py
[10.883s] -- Installing: /home/ms/Documents/NSU2025_late/Robototechnics/Archive_22.12/install/action_tutorials_interfaces/lib/python3.12/site-packages/action_tutorials_interfaces/action/_fibonacci.py
[10.883s] -- Installing: /home/ms/Documents/NSU2025_late/Robototechnics/Archive_22.12/install/action_tutorials_interfaces/lib/python3.12/site-packages/action_tutorials_interfaces/_action_tutorials_interfaces_s.ep.rosidl_typesupport_fastrtps_c.c
[10.884s] -- Installing: /home/ms/Documents/NSU2025_late/Robototechnics/Archive_22.12/install/action_tutorials_interfaces/lib/python3.12/site-packages/action_tutorials_interfaces/action_tutorials_interfaces_s__rosidl_typesupport_fastrtps_c.so
[10.884s] -- Installing: /home/ms/Documents/NSU2025_late/Robototechnics/Archive_22.12/install/action_tutorials_interfaces/lib/python3.12/site-packages/action_tutorials_interfaces/action_tutorials_interfaces_s__rosidl_typesupport_introspection_c.so
[10.884s] -- Installing: /home/ms/Documents/NSU2025_late/Robototechnics/Archive_22.12/install/action_tutorials_interfaces/lib/python3.12/site-packages/action_tutorials_interfaces/action_tutorials_interfaces_s__rosidl_typesupport_c.so
[10.884s] -- Installing: /home/ms/Documents/NSU2025_late/Robototechnics/Archive_22.12/install/action_tutorials_interfaces/lib/python3.12/site-packages/action_tutorials_interfaces/__init__.py
[10.951s] Listing '/home/ms/Documents/NSU2025_late/Robototechnics/Archive_22.12/install/action_tutorials_interfaces/lib/python3.12/site-packages/action_tutorials_interfaces'...
[10.951s] Compiling '/home/ms/Documents/NSU2025_late/Robototechnics/Archive_22.12/install/action_tutorials_interfaces/lib/python3.12/site-packages/action_tutorials_interfaces/__init__.py'...
[10.952s] Listing '/home/ms/Documents/NSU2025_late/Robototechnics/Archive_22.12/install/action_tutorials_interfaces/lib/python3.12/site-packages/action_tutorials_interfaces/action'...
[10.952s] Compiling '/home/ms/Documents/NSU2025_late/Robototechnics/Archive_22.12/install/action_tutorials_interfaces/lib/python3.12/site-packages/action_tutorials_interfaces/action/__init__.py'...
[10.952s] Compiling '/home/ms/Documents/NSU2025_late/Robototechnics/Archive_22.12/install/action_tutorials_interfaces/lib/python3.12/site-packages/action_tutorials_interfaces/action/_fibonacci.py'...
[10.960s] -- Installing: /home/ms/Documents/NSU2025_late/Robototechnics/Archive_22.12/install/action_tutorials_interfaces/lib/python3.12/site-packages/action_tutorials_interfaces/action_tutorials_interfaces_s__rosidl_typesupport_fastrtps_c.so
[10.960s] -- Set non-toolchain portion of runtime path of "/home/ms/Documents/NSU2025_late/Robototechnics/Archive_22.12/install/action_tutorials_interfaces/lib/python3.12/site-packages/action_tutorials_interfaces/action_tutorials_interfaces_s__rosidl_typesupport_fastrtps_c.so" to ""
[10.961s] -- Installing: /home/ms/Documents/NSU2025_late/Robototechnics/Archive_22.12/install/action_tutorials_interfaces/lib/python3.12/site-packages/action_tutorials_interfaces/action_tutorials_interfaces_s__rosidl_typesupport_introspection_c.so
[10.962s] -- Set non-toolchain portion of runtime path of "/home/ms/Documents/NSU2025_late/Robototechnics/Archive_22.12/install/action_tutorials_interfaces/lib/python3.12/site-packages/action_tutorials_interfaces/action_tutorials_interfaces_s__rosidl_typesupport_introspection_c.so" to ""
[10.962s] -- Installing: /home/ms/Documents/NSU2025_late/Robototechnics/Archive_22.12/install/action_tutorials_interfaces/lib/python3.12/site-packages/action_tutorials_interfaces/action_tutorials_interfaces_s__rosidl_typesupport_c.so
[10.963s] -- Set non-toolchain portion of runtime path of "/home/ms/Documents/NSU2025_late/Robototechnics/Archive_22.12/install/action_tutorials_interfaces/lib/python3.12/site-packages/action_tutorials_interfaces/action_tutorials_interfaces_s__rosidl_typesupport_c.so" to ""
[10.963s] -- Installing: /home/ms/Documents/NSU2025_late/Robototechnics/Archive_22.12/install/action_tutorials_interfaces/lib/libaction_tutorials_interfaces__rosidl_generator_py.so
[10.964s] -- Set non-toolchain portion of runtime path of "/home/ms/Documents/NSU2025_late/Robototechnics/Archive_22.12/install/action_tutorials_interfaces/lib/libaction_tutorials_interfaces__rosidl_generator_py.so" to ""
[10.964s] -- Installing: /home/ms/Documents/NSU2025_late/Robototechnics/Archive_22.12/install/action_tutorials_interfaces/share/action_tutorials_interfaces/action/Fibonacci.idl
[10.964s] -- Installing: /home/ms/Documents/NSU2025_late/Robototechnics/Archive_22.12/install/action_tutorials_interfaces/share/action_tutorials_interfaces/action/Fibonacci.action
[10.965s] -- Installing: /home/ms/Documents/NSU2025_late/Robototechnics/Archive_22.12/install/action_tutorials_interfaces/share/ament_index/resource_index/package_run_dependencies/action_tutorials_interfaces
[10.965s] -- Installing: /home/ms/Documents/NSU2025_late/Robototechnics/Archive_22.12/install/action_tutorials_interfaces/share/ament_index/resource_index/parent_prefix_path/action_tutorials_interfaces
[10.966s] -- Installing: /home/ms/Documents/NSU2025_late/Robototechnics/Archive_22.12/install/action_tutorials_interfaces/share/action_tutorials_interfaces/environment/ament_prefix_path.sh
[10.966s] -- Installing: /home/ms/Documents/NSU2025_late/Robototechnics/Archive_22.12/install/action_tutorials_interfaces/share/action_tutorials_interfaces/environment/ament_prefix_path.dsv
[10.966s] -- Installing: /home/ms/Documents/NSU2025_late/Robototechnics/Archive_22.12/install/action_tutorials_interfaces/share/action_tutorials_interfaces/environment/path.sh
[10.966s] -- Installing: /home/ms/Documents/NSU2025_late/Robototechnics/Archive_22.12/install/action_tutorials_interfaces/share/action_tutorials_interfaces/environment/path.dsv
[10.967s] -- Installing: /home/ms/Documents/NSU2025_late/Robototechnics/Archive_22.12/install/action_tutorials_interfaces/share/action_tutorials_interfaces/local_setup.bash
[10.967s] -- Installing: /home/ms/Documents/NSU2025_late/Robototechnics/Archive_22.12/install/action_tutorials_interfaces/share/action_tutorials_interfaces/local_setup.sh
[10.967s] -- Installing: /home/ms/Documents/NSU2025_late/Robototechnics/Archive_22.12/install/action_tutorials_interfaces/share/action_tutorials_interfaces/local_setup.zsh
[10.967s] -- Installing: /home/ms/Documents/NSU2025_late/Robototechnics/Archive_22.12/install/action_tutorials_interfaces/share/action_tutorials_interfaces/local_setup.dsv
[10.968s] -- Installing: /home/ms/Documents/NSU2025_late/Robototechnics/Archive_22.12/install/action_tutorials_interfaces/share/action_tutorials_interfaces/package.dsv
[10.968s] -- Installing: /home/ms/Documents/NSU2025_late/Robototechnics/Archive_22.12/install/action_tutorials_interfaces/share/ament_index/resource_index/packages/action_tutorials_interfaces
[10.969s] -- Installing: /home/ms/Documents/NSU2025_late/Robototechnics/Archive_22.12/install/action_tutorials_interfaces/share/action_tutorials_interfaces/cmake/export_action_tutorials_interfaces__rosidl_generator_cExport.cmake
[10.969s] -- Installing: /home/ms/Documents/NSU2025_late/Robototechnics/Archive_22.12/install/action_tutorials_interfaces/share/action_tutorials_interfaces/cmake/export_action_tutorials_interfaces__rosidl_generator_cExport-noconfig.cmake
[10.969s] -- Installing: /home/ms/Documents/NSU2025_late/Robototechnics/Archive_22.12/install/action_tutorials_interfaces/share/action_tutorials_interfaces/cmake/export_action_tutorials_interfaces__rosidl_typesupport_fastrtps_cExport.cmake
[10.970s] -- Installing: /home/ms/Documents/NSU2025_late/Robototechnics/Archive_22.12/install/action_tutorials_interfaces/share/action_tutorials_interfaces/cmake/export_action_tutorials_interfaces__rosidl_typesupport_fastrtps_cExport-noconfig.cmake
[10.970s] -- Installing: /home/ms/Documents/NSU2025_late/Robototechnics/Archive_22.12/install/action_tutorials_interfaces/share/action_tutorials_interfaces/cmake/action_tutorials_interfaces__rosidl_typesupport_introspection_cExport.cmake
[10.970s] -- Installing: /home/ms/Documents/NSU2025_late/Robototechnics/Archive_22.12/install/action_tutorials_interfaces/share/action_tutorials_interfaces/cmake/action_tutorials_interfaces__rosidl_typesupport_introspection_cExport-noconfig.cmake
[10.971s] -- Installing: /home/ms/Documents/NSU2025_late/Robototechnics/Archive_22.12/install/action_tutorials_interfaces/share/action_tutorials_interfaces/cmake/action_tutorials_interfaces__rosidl_typesupport_cExport.cmake
[10.971s] -- Installing: /home/ms/Documents/NSU2025_late/Robototechnics/Archive_22.12/install/action_tutorials_interfaces/share/action_tutorials_interfaces/cmake/action_tutorials_interfaces__rosidl_typesupport_cExport-noconfig.cmake
[10.971s] -- Installing: /home/ms/Documents/NSU2025_late/Robototechnics/Archive_22.12/install/action_tutorials_interfaces/share/action_tutorials_interfaces/cmake/export_action_tutorials_interfaces__rosidl_generator_cppExport.cmake
[10.971s] -- Installing: /home/ms/Documents/NSU2025_late/Robototechnics/Archive_22.12/install/action_tutorials_interfaces/share/action_tutorials_interfaces/cmake/export_action_tutorials_interfaces__rosidl_typesupport_fastrtps_cppExport.cmake
[10.972s] -- Installing: /home/ms/Documents/NSU2025_late/Robototechnics/Archive_22.12/install/action_tutorials_interfaces/share/action_tutorials_interfaces/cmake/export_action_tutorials_interfaces__rosidl_typesupport_fastrtps_cppExport-noconfig.cmake
[10.972s] -- Installing: /home/ms/Documents/NSU2025_late/Robototechnics/Archive_22.12/install/action_tutorials_interfaces/share/action_tutorials_interfaces/cmake/action_tutorials_interfaces__rosidl_typesupport_introspection_cppExport.cmake
[10.972s] -- Installing: /home/ms/Documents/NSU2025_late/Robototechnics/Archive_22.12/install/action_tutorials_interfaces/share/action_tutorials_interfaces/cmake/action_tutorials_interfaces__rosidl_typesupport_introspection_cppExport-noconfig.cmake
[10.973s] -- Installing: /home/ms/Documents/NSU2025_late/Robototechnics/Archive_22.12/install/action_tutorials_interfaces/share/action_tutorials_interfaces/cmake/action_tutorials_interfaces__rosidl_typesupport_cppExport.cmake
[10.973s] -- Installing: /home/ms/Documents/NSU2025_late/Robototechnics/Archive_22.12/install/action_tutorials_interfaces/share/action_tutorials_interfaces/cmake/action_tutorials_interfaces__rosidl_typesupport_cppExport-noconfig.cmake
[10.973s] -- Installing: /home/ms/Documents/NSU2025_late/Robototechnics/Archive_22.12/install/action_tutorials_interfaces/share/action_tutorials_interfaces/cmake/export_action_tutorials_interfaces__rosidl_generator_pyExport.cmake
[10.974s] -- Installing: /home/ms/Documents/NSU2025_late/Robototechnics/Archive_22.12/install/action_tutorials_interfaces/share/action_tutorials_interfaces/cmake/export_action_tutorials_interfaces__rosidl_generator_pyExport-noconfig.cmake
[10.974s] -- Installing: /home/ms/Documents/NSU2025_late/Robototechnics/Archive_22.12/install/action_tutorials_interfaces/share/action_tutorials_interfaces/cmake/rosidl_cmake-extras.cmake
[10.974s] -- Installing: /home/ms/Documents/NSU2025_late/Robototechnics/Archive_22.12/install/action_tutorials_interfaces/share/action_tutorials_interfaces/cmake/ament_cmake_export_dependencies-extras.cmake
[10.974s] -- Installing: /home/ms/Documents/NSU2025_late/Robototechnics/Archive_22.12/install/action_tutorials_interfaces/share/action_tutorials_interfaces/cmake/ament_cmake_export_include_directories-extras.cmake
[10.975s] -- Installing: /home/ms/Documents/NSU2025_late/Robototechnics/Archive_22.12/install/action_tutorials_interfaces/share/action_tutorials_interfaces/cmake/ament_cmake_export_libraries-extras.cmake
[10.975s] -- Installing: /home/ms/Documents/NSU2025_late/Robototechnics/Archive_22.12/install/action_tutorials_interfaces/share/action_tutorials_interfaces/cmake/ament_cmake_export_targets-extras.cmake
[10.975s] -- Installing: /home/ms/Documents/NSU2025_late/Robototechnics/Archive_22.12/install/action_tutorials_interfaces/share/action_tutorials_interfaces/cmake/rosidl_cmake_export_typesupport_targets-extras.cmake
[10.975s] -- Installing: /home/ms/Documents/NSU2025_late/Robototechnics/Archive_22.12/install/action_tutorials_interfaces/share/action_tutorials_interfaces/cmake/rosidl_cmake_export_typesupport_libraries-extras.cmake
[10.976s] -- Installing: /home/ms/Documents/NSU2025_late/Robototechnics/Archive_22.12/install/action_tutorials_interfaces/share/action_tutorials_interfaces/cmake/action_tutorials_interfacesConfig.cmake
[10.976s] -- Installing: /home/ms/Documents/NSU2025_late/Robototechnics/Archive_22.12/install/action_tutorials_interfaces/share/action_tutorials_interfaces/cmake/action_tutorials_interfacesConfig-version.cmake
[10.976s] -- Installing: /home/ms/Documents/NSU2025_late/Robototechnics/Archive_22.12/install/action_tutorials_interfaces/share/action_tutorials_interfaces/package.xml
[10.980s] Invoked command in '/home/ms/Documents/NSU2025_late/Robototechnics/Archive_22.12/build/action_tutorials_interfaces' returned '0': CMAKE_PREFIX_PATH=${CMAKE_PREFIX_PATH}:/opt/ros/jazzy DEBUGINFOD_URLS=https://debuginfod.ubuntu.com /usr/bin/cmake --install /home/ms/Documents/NSU2025_late/Robototechnics/Archive_22.12/build/action_tutorials_interfaces
