-- The C compiler identification is GNU 13.3.0
-- The CXX compiler identification is GNU 13.3.0
-- Detecting C compiler ABI info
-- Detecting C compiler ABI info - done
-- Check for working C compiler: /usr/bin/cc - skipped
-- Detecting C compile features
-- Detecting C compile features - done
-- Detecting CXX compiler ABI info
-- Detecting CXX compiler ABI info - done
-- Check for working CXX compiler: /usr/bin/c++ - skipped
-- Detecting CXX compile features
-- Detecting CXX compile features - done
-- Found ament_cmake: 2.5.4 (/opt/ros/jazzy/share/ament_cmake/cmake)
-- Found Python3: /usr/bin/python3 (found version "3.12.3") found components: Interpreter 
-- Found ament_lint_auto: 0.17.3 (/opt/ros/jazzy/share/ament_lint_auto/cmake)
-- Added test 'lint_cmake' to check CMake code style
-- Added test 'xmllint' to check XML markup files
-- Configuring done (1.2s)
-- Generating done (0.0s)
-- Build files have been written to: /home/ms/Documents/NSU2025_late/Robototechnics/Archive_22.12/build/ex09_srv_msg
-- Install configuration: ""
-- Installing: /home/ms/Documents/NSU2025_late/Robototechnics/Archive_22.12/install/ex09_srv_msg/share/ament_index/resource_index/package_run_dependencies/ex09_srv_msg
-- Installing: /home/ms/Documents/NSU2025_late/Robototechnics/Archive_22.12/install/ex09_srv_msg/share/ament_index/resource_index/parent_prefix_path/ex09_srv_msg
-- Installing: /home/ms/Documents/NSU2025_late/Robototechnics/Archive_22.12/install/ex09_srv_msg/share/ex09_srv_msg/environment/ament_prefix_path.sh
-- Installing: /home/ms/Documents/NSU2025_late/Robototechnics/Archive_22.12/install/ex09_srv_msg/share/ex09_srv_msg/environment/ament_prefix_path.dsv
-- Installing: /home/ms/Documents/NSU2025_late/Robototechnics/Archive_22.12/install/ex09_srv_msg/share/ex09_srv_msg/environment/path.sh
-- Installing: /home/ms/Documents/NSU2025_late/Robototechnics/Archive_22.12/install/ex09_srv_msg/share/ex09_srv_msg/environment/path.dsv
-- Installing: /home/ms/Documents/NSU2025_late/Robototechnics/Archive_22.12/install/ex09_srv_msg/share/ex09_srv_msg/local_setup.bash
-- Installing: /home/ms/Documents/NSU2025_late/Robototechnics/Archive_22.12/install/ex09_srv_msg/share/ex09_srv_msg/local_setup.sh
-- Installing: /home/ms/Documents/NSU2025_late/Robototechnics/Archive_22.12/install/ex09_srv_msg/share/ex09_srv_msg/local_setup.zsh
-- Installing: /home/ms/Documents/NSU2025_late/Robototechnics/Archive_22.12/install/ex09_srv_msg/share/ex09_srv_msg/local_setup.dsv
-- Installing: /home/ms/Documents/NSU2025_late/Robototechnics/Archive_22.12/install/ex09_srv_msg/share/ex09_srv_msg/package.dsv
-- Installing: /home/ms/Documents/NSU2025_late/Robototechnics/Archive_22.12/install/ex09_srv_msg/share/ament_index/resource_index/packages/ex09_srv_msg
-- Installing: /home/ms/Documents/NSU2025_late/Robototechnics/Archive_22.12/install/ex09_srv_msg/share/ex09_srv_msg/cmake/ex09_srv_msgConfig.cmake
-- Installing: /home/ms/Documents/NSU2025_late/Robototechnics/Archive_22.12/install/ex09_srv_msg/share/ex09_srv_msg/cmake/ex09_srv_msgConfig-version.cmake
-- Installing: /home/ms/Documents/NSU2025_late/Robototechnics/Archive_22.12/install/ex09_srv_msg/share/ex09_srv_msg/package.xml
