running egg_info
creating ../../build/learning_tf2_py/learning_tf2_py.egg-info
writing ../../build/learning_tf2_py/learning_tf2_py.egg-info/PKG-INFO
writing dependency_links to ../../build/learning_tf2_py/learning_tf2_py.egg-info/dependency_links.txt
writing entry points to ../../build/learning_tf2_py/learning_tf2_py.egg-info/entry_points.txt
writing requirements to ../../build/learning_tf2_py/learning_tf2_py.egg-info/requires.txt
writing top-level names to ../../build/learning_tf2_py/learning_tf2_py.egg-info/top_level.txt
writing manifest file '../../build/learning_tf2_py/learning_tf2_py.egg-info/SOURCES.txt'
reading manifest file '../../build/learning_tf2_py/learning_tf2_py.egg-info/SOURCES.txt'
adding license file 'LICENSE'
writing manifest file '../../build/learning_tf2_py/learning_tf2_py.egg-info/SOURCES.txt'
running build
running build_py
creating /home/ms/Documents/NSU2025_late/Robototechnics/Archive_22.12/build/learning_tf2_py/build
creating /home/ms/Documents/NSU2025_late/Robototechnics/Archive_22.12/build/learning_tf2_py/build/lib
creating /home/ms/Documents/NSU2025_late/Robototechnics/Archive_22.12/build/learning_tf2_py/build/lib/learning_tf2_py
copying learning_tf2_py/dynamic_frame_tf2_broadcaster.py -> /home/ms/Documents/NSU2025_late/Robototechnics/Archive_22.12/build/learning_tf2_py/build/lib/learning_tf2_py
copying learning_tf2_py/fixed_frame_tf2_broadcaster.py -> /home/ms/Documents/NSU2025_late/Robototechnics/Archive_22.12/build/learning_tf2_py/build/lib/learning_tf2_py
copying learning_tf2_py/turtle_tf2_broadcaster.py -> /home/ms/Documents/NSU2025_late/Robototechnics/Archive_22.12/build/learning_tf2_py/build/lib/learning_tf2_py
copying learning_tf2_py/turtle_tf2_listener.py -> /home/ms/Documents/NSU2025_late/Robototechnics/Archive_22.12/build/learning_tf2_py/build/lib/learning_tf2_py
copying learning_tf2_py/__init__.py -> /home/ms/Documents/NSU2025_late/Robototechnics/Archive_22.12/build/learning_tf2_py/build/lib/learning_tf2_py
copying learning_tf2_py/static_turtle_tf2_broadcaster.py -> /home/ms/Documents/NSU2025_late/Robototechnics/Archive_22.12/build/learning_tf2_py/build/lib/learning_tf2_py
running install
running install_lib
creating /home/ms/Documents/NSU2025_late/Robototechnics/Archive_22.12/install/learning_tf2_py/lib/python3.12/site-packages/learning_tf2_py
copying /home/ms/Documents/NSU2025_late/Robototechnics/Archive_22.12/build/learning_tf2_py/build/lib/learning_tf2_py/dynamic_frame_tf2_broadcaster.py -> /home/ms/Documents/NSU2025_late/Robototechnics/Archive_22.12/install/learning_tf2_py/lib/python3.12/site-packages/learning_tf2_py
copying /home/ms/Documents/NSU2025_late/Robototechnics/Archive_22.12/build/learning_tf2_py/build/lib/learning_tf2_py/fixed_frame_tf2_broadcaster.py -> /home/ms/Documents/NSU2025_late/Robototechnics/Archive_22.12/install/learning_tf2_py/lib/python3.12/site-packages/learning_tf2_py
copying /home/ms/Documents/NSU2025_late/Robototechnics/Archive_22.12/build/learning_tf2_py/build/lib/learning_tf2_py/turtle_tf2_broadcaster.py -> /home/ms/Documents/NSU2025_late/Robototechnics/Archive_22.12/install/learning_tf2_py/lib/python3.12/site-packages/learning_tf2_py
copying /home/ms/Documents/NSU2025_late/Robototechnics/Archive_22.12/build/learning_tf2_py/build/lib/learning_tf2_py/turtle_tf2_listener.py -> /home/ms/Documents/NSU2025_late/Robototechnics/Archive_22.12/install/learning_tf2_py/lib/python3.12/site-packages/learning_tf2_py
copying /home/ms/Documents/NSU2025_late/Robototechnics/Archive_22.12/build/learning_tf2_py/build/lib/learning_tf2_py/__init__.py -> /home/ms/Documents/NSU2025_late/Robototechnics/Archive_22.12/install/learning_tf2_py/lib/python3.12/site-packages/learning_tf2_py
copying /home/ms/Documents/NSU2025_late/Robototechnics/Archive_22.12/build/learning_tf2_py/build/lib/learning_tf2_py/static_turtle_tf2_broadcaster.py -> /home/ms/Documents/NSU2025_late/Robototechnics/Archive_22.12/install/learning_tf2_py/lib/python3.12/site-packages/learning_tf2_py
byte-compiling /home/ms/Documents/NSU2025_late/Robototechnics/Archive_22.12/install/learning_tf2_py/lib/python3.12/site-packages/learning_tf2_py/dynamic_frame_tf2_broadcaster.py to dynamic_frame_tf2_broadcaster.cpython-312.pyc
byte-compiling /home/ms/Documents/NSU2025_late/Robototechnics/Archive_22.12/install/learning_tf2_py/lib/python3.12/site-packages/learning_tf2_py/fixed_frame_tf2_broadcaster.py to fixed_frame_tf2_broadcaster.cpython-312.pyc
byte-compiling /home/ms/Documents/NSU2025_late/Robototechnics/Archive_22.12/install/learning_tf2_py/lib/python3.12/site-packages/learning_tf2_py/turtle_tf2_broadcaster.py to turtle_tf2_broadcaster.cpython-312.pyc
byte-compiling /home/ms/Documents/NSU2025_late/Robototechnics/Archive_22.12/install/learning_tf2_py/lib/python3.12/site-packages/learning_tf2_py/turtle_tf2_listener.py to turtle_tf2_listener.cpython-312.pyc
byte-compiling /home/ms/Documents/NSU2025_late/Robototechnics/Archive_22.12/install/learning_tf2_py/lib/python3.12/site-packages/learning_tf2_py/__init__.py to __init__.cpython-312.pyc
byte-compiling /home/ms/Documents/NSU2025_late/Robototechnics/Archive_22.12/install/learning_tf2_py/lib/python3.12/site-packages/learning_tf2_py/static_turtle_tf2_broadcaster.py to static_turtle_tf2_broadcaster.cpython-312.pyc
running install_data
creating /home/ms/Documents/NSU2025_late/Robototechnics/Archive_22.12/install/learning_tf2_py/share/ament_index
creating /home/ms/Documents/NSU2025_late/Robototechnics/Archive_22.12/install/learning_tf2_py/share/ament_index/resource_index
creating /home/ms/Documents/NSU2025_late/Robototechnics/Archive_22.12/install/learning_tf2_py/share/ament_index/resource_index/packages
copying resource/learning_tf2_py -> /home/ms/Documents/NSU2025_late/Robototechnics/Archive_22.12/install/learning_tf2_py/share/ament_index/resource_index/packages
copying package.xml -> /home/ms/Documents/NSU2025_late/Robototechnics/Archive_22.12/install/learning_tf2_py/share/learning_tf2_py
creating /home/ms/Documents/NSU2025_late/Robototechnics/Archive_22.12/install/learning_tf2_py/share/learning_tf2_py/launch
copying launch/turtle_tf2_demo.launch.py -> /home/ms/Documents/NSU2025_late/Robototechnics/Archive_22.12/install/learning_tf2_py/share/learning_tf2_py/launch
copying launch/turtle_tf2_dynamic_frame_demo.launch.py -> /home/ms/Documents/NSU2025_late/Robototechnics/Archive_22.12/install/learning_tf2_py/share/learning_tf2_py/launch
copying launch/turtle_tf2_fixed_frame_demo.launch.py -> /home/ms/Documents/NSU2025_late/Robototechnics/Archive_22.12/install/learning_tf2_py/share/learning_tf2_py/launch
running install_egg_info
Copying ../../build/learning_tf2_py/learning_tf2_py.egg-info to /home/ms/Documents/NSU2025_late/Robototechnics/Archive_22.12/install/learning_tf2_py/lib/python3.12/site-packages/learning_tf2_py-0.0.0-py3.12.egg-info
running install_scripts
Installing dynamic_frame_tf2_broadcaster script to /home/ms/Documents/NSU2025_late/Robototechnics/Archive_22.12/install/learning_tf2_py/lib/learning_tf2_py
Installing fixed_frame_tf2_broadcaster script to /home/ms/Documents/NSU2025_late/Robototechnics/Archive_22.12/install/learning_tf2_py/lib/learning_tf2_py
Installing static_turtle_tf2_broadcaster script to /home/ms/Documents/NSU2025_late/Robototechnics/Archive_22.12/install/learning_tf2_py/lib/learning_tf2_py
Installing turtle_tf2_broadcaster script to /home/ms/Documents/NSU2025_late/Robototechnics/Archive_22.12/install/learning_tf2_py/lib/learning_tf2_py
Installing turtle_tf2_listener script to /home/ms/Documents/NSU2025_late/Robototechnics/Archive_22.12/install/learning_tf2_py/lib/learning_tf2_py
writing list of installed files to '/home/ms/Documents/NSU2025_late/Robototechnics/Archive_22.12/build/learning_tf2_py/install.log'
