running egg_info
creating ../../build/txt_to_cmd_vel/txt_to_cmd_vel.egg-info
writing ../../build/txt_to_cmd_vel/txt_to_cmd_vel.egg-info/PKG-INFO
writing dependency_links to ../../build/txt_to_cmd_vel/txt_to_cmd_vel.egg-info/dependency_links.txt
writing entry points to ../../build/txt_to_cmd_vel/txt_to_cmd_vel.egg-info/entry_points.txt
writing requirements to ../../build/txt_to_cmd_vel/txt_to_cmd_vel.egg-info/requires.txt
writing top-level names to ../../build/txt_to_cmd_vel/txt_to_cmd_vel.egg-info/top_level.txt
writing manifest file '../../build/txt_to_cmd_vel/txt_to_cmd_vel.egg-info/SOURCES.txt'
reading manifest file '../../build/txt_to_cmd_vel/txt_to_cmd_vel.egg-info/SOURCES.txt'
adding license file 'LICENSE'
writing manifest file '../../build/txt_to_cmd_vel/txt_to_cmd_vel.egg-info/SOURCES.txt'
running build
running build_py
creating /home/ms/Documents/NSU2025_late/Robototechnics/Archive_22.12/build/txt_to_cmd_vel/build
creating /home/ms/Documents/NSU2025_late/Robototechnics/Archive_22.12/build/txt_to_cmd_vel/build/lib
creating /home/ms/Documents/NSU2025_late/Robototechnics/Archive_22.12/build/txt_to_cmd_vel/build/lib/txt_to_cmd_vel
copying txt_to_cmd_vel/txt_to_cmd_vel_node.py -> /home/ms/Documents/NSU2025_late/Robototechnics/Archive_22.12/build/txt_to_cmd_vel/build/lib/txt_to_cmd_vel
copying txt_to_cmd_vel/__init__.py -> /home/ms/Documents/NSU2025_late/Robototechnics/Archive_22.12/build/txt_to_cmd_vel/build/lib/txt_to_cmd_vel
running install
running install_lib
creating /home/ms/Documents/NSU2025_late/Robototechnics/Archive_22.12/install/txt_to_cmd_vel/lib/python3.12/site-packages/txt_to_cmd_vel
copying /home/ms/Documents/NSU2025_late/Robototechnics/Archive_22.12/build/txt_to_cmd_vel/build/lib/txt_to_cmd_vel/txt_to_cmd_vel_node.py -> /home/ms/Documents/NSU2025_late/Robototechnics/Archive_22.12/install/txt_to_cmd_vel/lib/python3.12/site-packages/txt_to_cmd_vel
copying /home/ms/Documents/NSU2025_late/Robototechnics/Archive_22.12/build/txt_to_cmd_vel/build/lib/txt_to_cmd_vel/__init__.py -> /home/ms/Documents/NSU2025_late/Robototechnics/Archive_22.12/install/txt_to_cmd_vel/lib/python3.12/site-packages/txt_to_cmd_vel
byte-compiling /home/ms/Documents/NSU2025_late/Robototechnics/Archive_22.12/install/txt_to_cmd_vel/lib/python3.12/site-packages/txt_to_cmd_vel/txt_to_cmd_vel_node.py to txt_to_cmd_vel_node.cpython-312.pyc
byte-compiling /home/ms/Documents/NSU2025_late/Robototechnics/Archive_22.12/install/txt_to_cmd_vel/lib/python3.12/site-packages/txt_to_cmd_vel/__init__.py to __init__.cpython-312.pyc
running install_data
creating /home/ms/Documents/NSU2025_late/Robototechnics/Archive_22.12/install/txt_to_cmd_vel/share/ament_index
creating /home/ms/Documents/NSU2025_late/Robototechnics/Archive_22.12/install/txt_to_cmd_vel/share/ament_index/resource_index
creating /home/ms/Documents/NSU2025_late/Robototechnics/Archive_22.12/install/txt_to_cmd_vel/share/ament_index/resource_index/packages
copying resource/txt_to_cmd_vel -> /home/ms/Documents/NSU2025_late/Robototechnics/Archive_22.12/install/txt_to_cmd_vel/share/ament_index/resource_index/packages
copying package.xml -> /home/ms/Documents/NSU2025_late/Robototechnics/Archive_22.12/install/txt_to_cmd_vel/share/txt_to_cmd_vel
running install_egg_info
Copying ../../build/txt_to_cmd_vel/txt_to_cmd_vel.egg-info to /home/ms/Documents/NSU2025_late/Robototechnics/Archive_22.12/install/txt_to_cmd_vel/lib/python3.12/site-packages/txt_to_cmd_vel-0.0.0-py3.12.egg-info
running install_scripts
Installing txt_to_cmd_vel script to /home/ms/Documents/NSU2025_late/Robototechnics/Archive_22.12/install/txt_to_cmd_vel/lib/txt_to_cmd_vel
writing list of installed files to '/home/ms/Documents/NSU2025_late/Robototechnics/Archive_22.12/build/txt_to_cmd_vel/install.log'
