[0.268s] DEBUG:colcon:Command line arguments: ['/home/ms/.local/bin/colcon', 'build', '--packages-select', 'tutorial_interfaces']
[0.268s] DEBUG:colcon:Parsed command line arguments: Namespace(log_base=None, log_level=None, verb_name='build', build_base='build', install_base='install', merge_install=False, symlink_install=False, test_result_base=None, continue_on_error=False, executor='parallel', parallel_workers=8, event_handlers=None, ignore_user_meta=False, metas=['./colcon.meta'], base_paths=['.'], packages_ignore=None, packages_ignore_regex=None, paths=None, packages_up_to=None, packages_up_to_regex=None, packages_above=None, packages_above_and_dependencies=None, packages_above_depth=None, packages_select_by_dep=None, packages_skip_by_dep=None, packages_skip_up_to=None, packages_select_build_failed=False, packages_skip_build_finished=False, packages_select_test_failures=False, packages_skip_test_passed=False, packages_select=['tutorial_interfaces'], packages_skip=None, packages_select_regex=None, packages_skip_regex=None, packages_start=None, packages_end=None, allow_overriding=[], cmake_args=None, cmake_target=None, cmake_target_skip_unavailable=False, cmake_clean_cache=False, cmake_clean_first=False, cmake_force_configure=False, ament_cmake_args=None, catkin_cmake_args=None, catkin_skip_building_tests=False, mixin_files=None, mixin=None, verb_parser=<colcon_mixin.mixin.mixin_argument.MixinArgumentDecorator object at 0x76944e7e55d0>, verb_extension=<colcon_core.verb.build.BuildVerb object at 0x76944e8ea4d0>, main=<bound method BuildVerb.main of <colcon_core.verb.build.BuildVerb object at 0x76944e8ea4d0>>, mixin_verb=('build',))
[0.594s] Level 1:colcon.colcon_core.package_discovery:discover_packages(colcon_meta) check parameters
[0.594s] Level 1:colcon.colcon_core.package_discovery:discover_packages(recursive) check parameters
[0.594s] Level 1:colcon.colcon_core.package_discovery:discover_packages(ignore) check parameters
[0.594s] Level 1:colcon.colcon_core.package_discovery:discover_packages(path) check parameters
[0.594s] Level 1:colcon.colcon_core.package_discovery:discover_packages(colcon_meta) discover
[0.594s] Level 1:colcon.colcon_core.package_discovery:discover_packages(recursive) discover
[0.594s] INFO:colcon.colcon_core.package_discovery:Crawling recursively for packages in '/home/ms/ros2_ws/src/tutorial_interfaces'
[0.595s] Level 1:colcon.colcon_core.package_identification:_identify(.) by extensions ['ignore', 'ignore_ament_install']
[0.595s] Level 1:colcon.colcon_core.package_identification:_identify(.) by extension 'ignore'
[0.595s] Level 1:colcon.colcon_core.package_identification:_identify(.) by extension 'ignore_ament_install'
[0.595s] Level 1:colcon.colcon_core.package_identification:_identify(.) by extensions ['colcon_pkg']
[0.595s] Level 1:colcon.colcon_core.package_identification:_identify(.) by extension 'colcon_pkg'
[0.595s] Level 1:colcon.colcon_core.package_identification:_identify(.) by extensions ['colcon_meta']
[0.595s] Level 1:colcon.colcon_core.package_identification:_identify(.) by extension 'colcon_meta'
[0.595s] Level 1:colcon.colcon_core.package_identification:_identify(.) by extensions ['ros']
[0.595s] Level 1:colcon.colcon_core.package_identification:_identify(.) by extension 'ros'
[0.620s] DEBUG:colcon.colcon_core.package_identification:Package '.' with type 'ros.ament_cmake' and name 'tutorial_interfaces'
[0.620s] Level 1:colcon.colcon_core.package_discovery:discover_packages(recursive) using defaults
[0.620s] Level 1:colcon.colcon_core.package_discovery:discover_packages(ignore) discover
[0.620s] Level 1:colcon.colcon_core.package_discovery:discover_packages(ignore) using defaults
[0.620s] Level 1:colcon.colcon_core.package_discovery:discover_packages(path) discover
[0.620s] Level 1:colcon.colcon_core.package_discovery:discover_packages(path) using defaults
[0.653s] Level 1:colcon.colcon_core.package_discovery:discover_packages(prefix_path) check parameters
[0.654s] Level 1:colcon.colcon_core.package_discovery:discover_packages(prefix_path) discover
[0.659s] DEBUG:colcon.colcon_installed_package_information.package_discovery:Found 271 installed packages in /opt/ros/humble
[0.662s] Level 1:colcon.colcon_core.package_discovery:discover_packages(prefix_path) using defaults
[0.763s] Level 5:colcon.colcon_core.verb:set package 'tutorial_interfaces' build argument 'cmake_args' from command line to 'None'
[0.763s] Level 5:colcon.colcon_core.verb:set package 'tutorial_interfaces' build argument 'cmake_target' from command line to 'None'
[0.764s] Level 5:colcon.colcon_core.verb:set package 'tutorial_interfaces' build argument 'cmake_target_skip_unavailable' from command line to 'False'
[0.764s] Level 5:colcon.colcon_core.verb:set package 'tutorial_interfaces' build argument 'cmake_clean_cache' from command line to 'False'
[0.764s] Level 5:colcon.colcon_core.verb:set package 'tutorial_interfaces' build argument 'cmake_clean_first' from command line to 'False'
[0.764s] Level 5:colcon.colcon_core.verb:set package 'tutorial_interfaces' build argument 'cmake_force_configure' from command line to 'False'
[0.764s] Level 5:colcon.colcon_core.verb:set package 'tutorial_interfaces' build argument 'ament_cmake_args' from command line to 'None'
[0.764s] Level 5:colcon.colcon_core.verb:set package 'tutorial_interfaces' build argument 'catkin_cmake_args' from command line to 'None'
[0.764s] Level 5:colcon.colcon_core.verb:set package 'tutorial_interfaces' build argument 'catkin_skip_building_tests' from command line to 'False'
[0.764s] DEBUG:colcon.colcon_core.verb:Building package 'tutorial_interfaces' with the following arguments: {'ament_cmake_args': None, 'build_base': '/home/ms/ros2_ws/src/tutorial_interfaces/build/tutorial_interfaces', 'catkin_cmake_args': None, 'catkin_skip_building_tests': False, 'cmake_args': None, 'cmake_clean_cache': False, 'cmake_clean_first': False, 'cmake_force_configure': False, 'cmake_target': None, 'cmake_target_skip_unavailable': False, 'install_base': '/home/ms/ros2_ws/src/tutorial_interfaces/install/tutorial_interfaces', 'merge_install': False, 'path': '/home/ms/ros2_ws/src/tutorial_interfaces', 'symlink_install': False, 'test_result_base': None}
[0.764s] INFO:colcon.colcon_core.executor:Executing jobs using 'parallel' executor
[0.766s] DEBUG:colcon.colcon_parallel_executor.executor.parallel:run_until_complete
[0.766s] INFO:colcon.colcon_ros.task.ament_cmake.build:Building ROS package in '/home/ms/ros2_ws/src/tutorial_interfaces' with build type 'ament_cmake'
[0.766s] INFO:colcon.colcon_cmake.task.cmake.build:Building CMake package in '/home/ms/ros2_ws/src/tutorial_interfaces'
[0.771s] INFO:colcon.colcon_core.plugin_system:Skipping extension 'colcon_core.shell.bat': Not used on non-Windows systems
[0.771s] INFO:colcon.colcon_core.shell:Skip shell extension 'powershell' for command environment: Not usable outside of PowerShell
[0.771s] DEBUG:colcon.colcon_core.shell:Skip shell extension 'dsv' for command environment
[0.788s] DEBUG:colcon.colcon_core.event_handler.log_command:Invoking command in '/home/ms/ros2_ws/src/tutorial_interfaces/build/tutorial_interfaces': CMAKE_PREFIX_PATH=/opt/ros/humble /usr/bin/cmake /home/ms/ros2_ws/src/tutorial_interfaces -DCMAKE_INSTALL_PREFIX=/home/ms/ros2_ws/src/tutorial_interfaces/install/tutorial_interfaces
[4.532s] DEBUG:colcon.colcon_core.event_handler.log_command:Invoked command in '/home/ms/ros2_ws/src/tutorial_interfaces/build/tutorial_interfaces' returned '0': CMAKE_PREFIX_PATH=/opt/ros/humble /usr/bin/cmake /home/ms/ros2_ws/src/tutorial_interfaces -DCMAKE_INSTALL_PREFIX=/home/ms/ros2_ws/src/tutorial_interfaces/install/tutorial_interfaces
[4.536s] DEBUG:colcon.colcon_core.event_handler.log_command:Invoking command in '/home/ms/ros2_ws/src/tutorial_interfaces/build/tutorial_interfaces': CMAKE_PREFIX_PATH=/opt/ros/humble /usr/bin/cmake --build /home/ms/ros2_ws/src/tutorial_interfaces/build/tutorial_interfaces -- -j8 -l8
[12.350s] DEBUG:colcon.colcon_core.event_handler.log_command:Invoked command in '/home/ms/ros2_ws/src/tutorial_interfaces/build/tutorial_interfaces' returned '0': CMAKE_PREFIX_PATH=/opt/ros/humble /usr/bin/cmake --build /home/ms/ros2_ws/src/tutorial_interfaces/build/tutorial_interfaces -- -j8 -l8
[12.379s] DEBUG:colcon.colcon_core.event_handler.log_command:Invoking command in '/home/ms/ros2_ws/src/tutorial_interfaces/build/tutorial_interfaces': CMAKE_PREFIX_PATH=/opt/ros/humble /usr/bin/cmake --install /home/ms/ros2_ws/src/tutorial_interfaces/build/tutorial_interfaces
[12.572s] Level 1:colcon.colcon_core.environment:create_environment_scripts_only(tutorial_interfaces)
[12.574s] DEBUG:colcon.colcon_core.event_handler.log_command:Invoked command in '/home/ms/ros2_ws/src/tutorial_interfaces/build/tutorial_interfaces' returned '0': CMAKE_PREFIX_PATH=/opt/ros/humble /usr/bin/cmake --install /home/ms/ros2_ws/src/tutorial_interfaces/build/tutorial_interfaces
[12.584s] Level 1:colcon.colcon_core.environment:checking '/home/ms/ros2_ws/src/tutorial_interfaces/install/tutorial_interfaces' for CMake module files
[12.589s] Level 1:colcon.colcon_core.environment:checking '/home/ms/ros2_ws/src/tutorial_interfaces/install/tutorial_interfaces' for CMake config files
[12.591s] Level 1:colcon.colcon_core.shell:create_environment_hook('tutorial_interfaces', 'cmake_prefix_path')
[12.593s] INFO:colcon.colcon_core.shell:Creating environment hook '/home/ms/ros2_ws/src/tutorial_interfaces/install/tutorial_interfaces/share/tutorial_interfaces/hook/cmake_prefix_path.ps1'
[12.596s] INFO:colcon.colcon_core.shell:Creating environment descriptor '/home/ms/ros2_ws/src/tutorial_interfaces/install/tutorial_interfaces/share/tutorial_interfaces/hook/cmake_prefix_path.dsv'
[12.597s] INFO:colcon.colcon_core.shell:Creating environment hook '/home/ms/ros2_ws/src/tutorial_interfaces/install/tutorial_interfaces/share/tutorial_interfaces/hook/cmake_prefix_path.sh'
[12.601s] Level 1:colcon.colcon_core.environment:checking '/home/ms/ros2_ws/src/tutorial_interfaces/install/tutorial_interfaces/lib'
[12.602s] Level 1:colcon.colcon_core.shell:create_environment_hook('tutorial_interfaces', 'ld_library_path_lib')
[12.603s] INFO:colcon.colcon_core.shell:Creating environment hook '/home/ms/ros2_ws/src/tutorial_interfaces/install/tutorial_interfaces/share/tutorial_interfaces/hook/ld_library_path_lib.ps1'
[12.605s] INFO:colcon.colcon_core.shell:Creating environment descriptor '/home/ms/ros2_ws/src/tutorial_interfaces/install/tutorial_interfaces/share/tutorial_interfaces/hook/ld_library_path_lib.dsv'
[12.606s] INFO:colcon.colcon_core.shell:Creating environment hook '/home/ms/ros2_ws/src/tutorial_interfaces/install/tutorial_interfaces/share/tutorial_interfaces/hook/ld_library_path_lib.sh'
[12.608s] Level 1:colcon.colcon_core.environment:checking '/home/ms/ros2_ws/src/tutorial_interfaces/install/tutorial_interfaces/bin'
[12.608s] Level 1:colcon.colcon_core.environment:checking '/home/ms/ros2_ws/src/tutorial_interfaces/install/tutorial_interfaces/lib/pkgconfig/tutorial_interfaces.pc'
[12.609s] Level 1:colcon.colcon_core.environment:checking '/home/ms/ros2_ws/src/tutorial_interfaces/install/tutorial_interfaces/lib/python3.10/site-packages'
[12.611s] Level 1:colcon.colcon_core.environment:checking '/home/ms/ros2_ws/src/tutorial_interfaces/install/tutorial_interfaces/bin'
[12.613s] INFO:colcon.colcon_core.shell:Creating package script '/home/ms/ros2_ws/src/tutorial_interfaces/install/tutorial_interfaces/share/tutorial_interfaces/package.ps1'
[12.615s] INFO:colcon.colcon_core.shell:Creating package descriptor '/home/ms/ros2_ws/src/tutorial_interfaces/install/tutorial_interfaces/share/tutorial_interfaces/package.dsv'
[12.617s] INFO:colcon.colcon_core.shell:Creating package script '/home/ms/ros2_ws/src/tutorial_interfaces/install/tutorial_interfaces/share/tutorial_interfaces/package.sh'
[12.619s] INFO:colcon.colcon_core.shell:Creating package script '/home/ms/ros2_ws/src/tutorial_interfaces/install/tutorial_interfaces/share/tutorial_interfaces/package.bash'
[12.621s] INFO:colcon.colcon_core.shell:Creating package script '/home/ms/ros2_ws/src/tutorial_interfaces/install/tutorial_interfaces/share/tutorial_interfaces/package.zsh'
[12.623s] Level 1:colcon.colcon_core.environment:create_file_with_runtime_dependencies(/home/ms/ros2_ws/src/tutorial_interfaces/install/tutorial_interfaces/share/colcon-core/packages/tutorial_interfaces)
[12.625s] Level 1:colcon.colcon_core.environment:create_environment_scripts_only(tutorial_interfaces)
[12.625s] Level 1:colcon.colcon_core.environment:checking '/home/ms/ros2_ws/src/tutorial_interfaces/install/tutorial_interfaces' for CMake module files
[12.627s] Level 1:colcon.colcon_core.environment:checking '/home/ms/ros2_ws/src/tutorial_interfaces/install/tutorial_interfaces' for CMake config files
[12.628s] Level 1:colcon.colcon_core.shell:create_environment_hook('tutorial_interfaces', 'cmake_prefix_path')
[12.628s] INFO:colcon.colcon_core.shell:Creating environment hook '/home/ms/ros2_ws/src/tutorial_interfaces/install/tutorial_interfaces/share/tutorial_interfaces/hook/cmake_prefix_path.ps1'
[12.629s] INFO:colcon.colcon_core.shell:Creating environment descriptor '/home/ms/ros2_ws/src/tutorial_interfaces/install/tutorial_interfaces/share/tutorial_interfaces/hook/cmake_prefix_path.dsv'
[12.630s] INFO:colcon.colcon_core.shell:Creating environment hook '/home/ms/ros2_ws/src/tutorial_interfaces/install/tutorial_interfaces/share/tutorial_interfaces/hook/cmake_prefix_path.sh'
[12.631s] Level 1:colcon.colcon_core.environment:checking '/home/ms/ros2_ws/src/tutorial_interfaces/install/tutorial_interfaces/lib'
[12.631s] Level 1:colcon.colcon_core.shell:create_environment_hook('tutorial_interfaces', 'ld_library_path_lib')
[12.632s] INFO:colcon.colcon_core.shell:Creating environment hook '/home/ms/ros2_ws/src/tutorial_interfaces/install/tutorial_interfaces/share/tutorial_interfaces/hook/ld_library_path_lib.ps1'
[12.633s] INFO:colcon.colcon_core.shell:Creating environment descriptor '/home/ms/ros2_ws/src/tutorial_interfaces/install/tutorial_interfaces/share/tutorial_interfaces/hook/ld_library_path_lib.dsv'
[12.634s] INFO:colcon.colcon_core.shell:Creating environment hook '/home/ms/ros2_ws/src/tutorial_interfaces/install/tutorial_interfaces/share/tutorial_interfaces/hook/ld_library_path_lib.sh'
[12.634s] Level 1:colcon.colcon_core.environment:checking '/home/ms/ros2_ws/src/tutorial_interfaces/install/tutorial_interfaces/bin'
[12.635s] Level 1:colcon.colcon_core.environment:checking '/home/ms/ros2_ws/src/tutorial_interfaces/install/tutorial_interfaces/lib/pkgconfig/tutorial_interfaces.pc'
[12.635s] Level 1:colcon.colcon_core.environment:checking '/home/ms/ros2_ws/src/tutorial_interfaces/install/tutorial_interfaces/lib/python3.10/site-packages'
[12.636s] Level 1:colcon.colcon_core.environment:checking '/home/ms/ros2_ws/src/tutorial_interfaces/install/tutorial_interfaces/bin'
[12.637s] INFO:colcon.colcon_core.shell:Creating package script '/home/ms/ros2_ws/src/tutorial_interfaces/install/tutorial_interfaces/share/tutorial_interfaces/package.ps1'
[12.639s] INFO:colcon.colcon_core.shell:Creating package descriptor '/home/ms/ros2_ws/src/tutorial_interfaces/install/tutorial_interfaces/share/tutorial_interfaces/package.dsv'
[12.640s] INFO:colcon.colcon_core.shell:Creating package script '/home/ms/ros2_ws/src/tutorial_interfaces/install/tutorial_interfaces/share/tutorial_interfaces/package.sh'
[12.641s] INFO:colcon.colcon_core.shell:Creating package script '/home/ms/ros2_ws/src/tutorial_interfaces/install/tutorial_interfaces/share/tutorial_interfaces/package.bash'
[12.642s] INFO:colcon.colcon_core.shell:Creating package script '/home/ms/ros2_ws/src/tutorial_interfaces/install/tutorial_interfaces/share/tutorial_interfaces/package.zsh'
[12.643s] Level 1:colcon.colcon_core.environment:create_file_with_runtime_dependencies(/home/ms/ros2_ws/src/tutorial_interfaces/install/tutorial_interfaces/share/colcon-core/packages/tutorial_interfaces)
[12.644s] DEBUG:colcon.colcon_parallel_executor.executor.parallel:closing loop
[12.644s] DEBUG:colcon.colcon_parallel_executor.executor.parallel:loop closed
[12.644s] DEBUG:colcon.colcon_parallel_executor.executor.parallel:run_until_complete finished with '0'
[12.645s] DEBUG:colcon.colcon_core.event_reactor:joining thread
[12.656s] INFO:colcon.colcon_core.plugin_system:Skipping extension 'colcon_notification.desktop_notification.terminal_notifier': Not used on non-Darwin systems
[12.656s] INFO:colcon.colcon_core.plugin_system:Skipping extension 'colcon_notification.desktop_notification.win32': Not used on non-Windows systems
[12.656s] INFO:colcon.colcon_notification.desktop_notification:Sending desktop notification using 'notify2'
[12.684s] DEBUG:colcon.colcon_core.event_reactor:joined thread
[12.685s] INFO:colcon.colcon_core.shell:Creating prefix script '/home/ms/ros2_ws/src/tutorial_interfaces/install/local_setup.ps1'
[12.688s] INFO:colcon.colcon_core.shell:Creating prefix util module '/home/ms/ros2_ws/src/tutorial_interfaces/install/_local_setup_util_ps1.py'
[12.694s] INFO:colcon.colcon_core.shell:Creating prefix chain script '/home/ms/ros2_ws/src/tutorial_interfaces/install/setup.ps1'
[12.696s] INFO:colcon.colcon_core.shell:Creating prefix script '/home/ms/ros2_ws/src/tutorial_interfaces/install/local_setup.sh'
[12.698s] INFO:colcon.colcon_core.shell:Creating prefix util module '/home/ms/ros2_ws/src/tutorial_interfaces/install/_local_setup_util_sh.py'
[12.700s] INFO:colcon.colcon_core.shell:Creating prefix chain script '/home/ms/ros2_ws/src/tutorial_interfaces/install/setup.sh'
[12.703s] INFO:colcon.colcon_core.shell:Creating prefix script '/home/ms/ros2_ws/src/tutorial_interfaces/install/local_setup.bash'
[12.704s] INFO:colcon.colcon_core.shell:Creating prefix chain script '/home/ms/ros2_ws/src/tutorial_interfaces/install/setup.bash'
[12.707s] INFO:colcon.colcon_core.shell:Creating prefix script '/home/ms/ros2_ws/src/tutorial_interfaces/install/local_setup.zsh'
[12.709s] INFO:colcon.colcon_core.shell:Creating prefix chain script '/home/ms/ros2_ws/src/tutorial_interfaces/install/setup.zsh'
