[0.096s] Invoking command in '/home/ms/Documents/NSU2025_late/Robototechnics/Archive_22.12/build/sum_full_name_service': CMAKE_PREFIX_PATH=${CMAKE_PREFIX_PATH}:/opt/ros/jazzy DEBUGINFOD_URLS=https://debuginfod.ubuntu.com /usr/bin/cmake /home/ms/Documents/NSU2025_late/Robototechnics/Archive_22.12/src/sum_full_name_service -DCMAKE_INSTALL_PREFIX=/home/ms/Documents/NSU2025_late/Robototechnics/Archive_22.12/install/sum_full_name_service
[2.967s] -- The C compiler identification is GNU 13.3.0
[2.968s] -- The CXX compiler identification is GNU 13.3.0
[2.969s] -- Detecting C compiler ABI info
[2.969s] -- Detecting C compiler ABI info - done
[2.969s] -- Check for working C compiler: /usr/bin/cc - skipped
[2.969s] -- Detecting C compile features
[2.970s] -- Detecting C compile features - done
[2.970s] -- Detecting CXX compiler ABI info
[2.970s] -- Detecting CXX compiler ABI info - done
[2.971s] -- Check for working CXX compiler: /usr/bin/c++ - skipped
[2.972s] -- Detecting CXX compile features
[2.972s] -- Detecting CXX compile features - done
[2.972s] -- Found ament_cmake: 2.5.4 (/opt/ros/jazzy/share/ament_cmake/cmake)
[2.973s] -- Found Python3: /usr/bin/python3 (found version "3.12.3") found components: Interpreter 
[2.973s] -- Found ament_lint_auto: 0.17.3 (/opt/ros/jazzy/share/ament_lint_auto/cmake)
[2.973s] -- Found rosidl_default_generators: 1.6.0 (/opt/ros/jazzy/share/rosidl_default_generators/cmake)
[2.973s] -- Using all available rosidl_typesupport_c: rosidl_typesupport_fastrtps_c;rosidl_typesupport_introspection_c
[2.973s] -- Using all available rosidl_typesupport_cpp: rosidl_typesupport_fastrtps_cpp;rosidl_typesupport_introspection_cpp
[2.974s] -- Found rosidl_adapter: 4.6.6 (/opt/ros/jazzy/share/rosidl_adapter/cmake)
[2.974s] -- Found ament_cmake_ros: 0.12.0 (/opt/ros/jazzy/share/ament_cmake_ros/cmake)
[2.974s] -- Using all available rosidl_typesupport_c: rosidl_typesupport_fastrtps_c;rosidl_typesupport_introspection_c
[3.936s] -- Using all available rosidl_typesupport_cpp: rosidl_typesupport_fastrtps_cpp;rosidl_typesupport_introspection_cpp
[3.943s] -- Found python_cmake_module: 0.11.1 (/opt/ros/jazzy/share/python_cmake_module/cmake)
[4.153s] -- Found PythonExtra: /usr/bin/python3  
[4.840s] -- Found Python3: /usr/bin/python3 (found version "3.12.3") found components: Interpreter Development NumPy Development.Module Development.Embed 
[4.930s] -- Added test 'cppcheck' to perform static code analysis on C / C++ code
[4.931s] -- Configured cppcheck include dirs: 
[4.932s] -- Configured cppcheck exclude dirs and/or files: 
[4.935s] -- Added test 'flake8' to check Python code syntax and style conventions
[4.935s] -- Configured 'flake8' exclude dirs and/or files: 
[4.941s] -- Added test 'lint_cmake' to check CMake code style
[4.944s] -- Added test 'pep257' to check Python code against some of the docstring style conventions in PEP 257
[4.971s] -- Added test 'uncrustify' to check C / C++ code style
[4.971s] -- Configured uncrustify additional arguments: 
[4.975s] -- Added test 'xmllint' to check XML markup files
[4.983s] -- Configuring done (4.9s)
[5.066s] -- Generating done (0.1s)
[5.095s] -- Build files have been written to: /home/ms/Documents/NSU2025_late/Robototechnics/Archive_22.12/build/sum_full_name_service
[5.112s] Invoked command in '/home/ms/Documents/NSU2025_late/Robototechnics/Archive_22.12/build/sum_full_name_service' returned '0': CMAKE_PREFIX_PATH=${CMAKE_PREFIX_PATH}:/opt/ros/jazzy DEBUGINFOD_URLS=https://debuginfod.ubuntu.com /usr/bin/cmake /home/ms/Documents/NSU2025_late/Robototechnics/Archive_22.12/src/sum_full_name_service -DCMAKE_INSTALL_PREFIX=/home/ms/Documents/NSU2025_late/Robototechnics/Archive_22.12/install/sum_full_name_service
[5.113s] Invoking command in '/home/ms/Documents/NSU2025_late/Robototechnics/Archive_22.12/build/sum_full_name_service': CMAKE_PREFIX_PATH=${CMAKE_PREFIX_PATH}:/opt/ros/jazzy DEBUGINFOD_URLS=https://debuginfod.ubuntu.com /usr/bin/cmake --build /home/ms/Documents/NSU2025_late/Robototechnics/Archive_22.12/build/sum_full_name_service -- -j28 -l28
[5.203s] [  2%] [34m[1mGenerating type hashes for ROS interfaces[0m
[5.216s] [  2%] Built target ament_cmake_python_copy_sum_full_name_service
[5.520s] [  2%] Built target sum_full_name_service__rosidl_generator_type_description
[5.534s] [  5%] [34m[1mGenerating C code for ROS interfaces[0m
[5.545s] [  8%] [34m[1mGenerating C++ code for ROS interfaces[0m
[5.645s] running egg_info
[5.646s] creating sum_full_name_service.egg-info
[5.676s] writing sum_full_name_service.egg-info/PKG-INFO
[5.676s] writing dependency_links to sum_full_name_service.egg-info/dependency_links.txt
[5.676s] writing top-level names to sum_full_name_service.egg-info/top_level.txt
[5.676s] writing manifest file 'sum_full_name_service.egg-info/SOURCES.txt'
[5.763s] reading manifest file 'sum_full_name_service.egg-info/SOURCES.txt'
[5.764s] writing manifest file 'sum_full_name_service.egg-info/SOURCES.txt'
[5.798s] [  8%] Built target ament_cmake_python_build_sum_full_name_service_egg
[5.935s] [ 14%] [32mBuilding C object CMakeFiles/sum_full_name_service__rosidl_generator_c.dir/rosidl_generator_c/sum_full_name_service/srv/detail/sum_full_name__functions.c.o[0m
[5.935s] [ 14%] [32mBuilding C object CMakeFiles/sum_full_name_service__rosidl_generator_c.dir/rosidl_generator_c/sum_full_name_service/srv/detail/sum_full_name__description.c.o[0m
[5.936s] [ 17%] [32mBuilding C object CMakeFiles/sum_full_name_service__rosidl_generator_c.dir/rosidl_generator_c/sum_full_name_service/srv/detail/sum_full_name__type_support.c.o[0m
[5.938s] [ 17%] Built target sum_full_name_service__cpp
[6.081s] [ 20%] [32m[1mLinking C shared library libsum_full_name_service__rosidl_generator_c.so[0m
[6.139s] [ 20%] Built target sum_full_name_service__rosidl_generator_c
[6.153s] [ 29%] [34m[1mGenerating C++ introspection for ROS interfaces[0m
[6.153s] [ 29%] [34m[1mGenerating C++ type support dispatch for ROS interfaces[0m
[6.153s] [ 29%] [34m[1mGenerating C type support dispatch for ROS interfaces[0m
[6.154s] [ 32%] [34m[1mGenerating C type support for eProsima Fast-RTPS[0m
[6.154s] [ 35%] [34m[1mGenerating C++ type support for eProsima Fast-RTPS[0m
[6.154s] [ 38%] [34m[1mGenerating C introspection for ROS interfaces[0m
[6.442s] [ 41%] [32mBuilding CXX object CMakeFiles/sum_full_name_service__rosidl_typesupport_c.dir/rosidl_typesupport_c/sum_full_name_service/srv/sum_full_name__type_support.cpp.o[0m
[6.452s] [ 44%] [32mBuilding CXX object CMakeFiles/sum_full_name_service__rosidl_typesupport_cpp.dir/rosidl_typesupport_cpp/sum_full_name_service/srv/sum_full_name__type_support.cpp.o[0m
[6.511s] [ 47%] [32m[1mLinking CXX shared library libsum_full_name_service__rosidl_typesupport_c.so[0m
[6.521s] [ 50%] [32mBuilding CXX object CMakeFiles/sum_full_name_service__rosidl_typesupport_introspection_cpp.dir/rosidl_typesupport_introspection_cpp/sum_full_name_service/srv/detail/sum_full_name__type_support.cpp.o[0m
[6.532s] [ 52%] [32mBuilding CXX object CMakeFiles/sum_full_name_service__rosidl_typesupport_fastrtps_cpp.dir/rosidl_typesupport_fastrtps_cpp/sum_full_name_service/srv/detail/dds_fastrtps/sum_full_name__type_support.cpp.o[0m
[6.560s] [ 55%] [32mBuilding C object CMakeFiles/sum_full_name_service__rosidl_typesupport_introspection_c.dir/rosidl_typesupport_introspection_c/sum_full_name_service/srv/detail/sum_full_name__type_support.c.o[0m
[6.566s] [ 55%] Built target sum_full_name_service__rosidl_typesupport_c
[6.628s] [ 58%] [32m[1mLinking C shared library libsum_full_name_service__rosidl_typesupport_introspection_c.so[0m
[6.672s] [ 58%] Built target sum_full_name_service__rosidl_typesupport_introspection_c
[6.826s] [ 61%] [32mBuilding CXX object CMakeFiles/sum_full_name_service__rosidl_typesupport_fastrtps_c.dir/rosidl_typesupport_fastrtps_c/sum_full_name_service/srv/detail/sum_full_name__type_support_c.cpp.o[0m
[7.153s] [ 64%] [32m[1mLinking CXX shared library libsum_full_name_service__rosidl_typesupport_introspection_cpp.so[0m
[7.163s] [ 67%] [32m[1mLinking CXX shared library libsum_full_name_service__rosidl_typesupport_cpp.so[0m
[7.243s] [ 67%] Built target sum_full_name_service__rosidl_typesupport_introspection_cpp
[7.249s] [ 67%] Built target sum_full_name_service__rosidl_typesupport_cpp
[7.407s] [ 70%] [32m[1mLinking CXX shared library libsum_full_name_service__rosidl_typesupport_fastrtps_cpp.so[0m
[7.519s] [ 70%] Built target sum_full_name_service__rosidl_typesupport_fastrtps_cpp
[7.610s] [ 73%] [32m[1mLinking CXX shared library libsum_full_name_service__rosidl_typesupport_fastrtps_c.so[0m
[7.717s] [ 73%] Built target sum_full_name_service__rosidl_typesupport_fastrtps_c
[7.753s] [ 73%] Built target sum_full_name_service
[7.792s] [ 76%] [34m[1mGenerating Python code for ROS interfaces[0m
[8.576s] [ 76%] Built target sum_full_name_service__py
[8.604s] [ 79%] [32mBuilding C object CMakeFiles/sum_full_name_service__rosidl_generator_py.dir/rosidl_generator_py/sum_full_name_service/srv/_sum_full_name_s.c.o[0m
[8.845s] [ 82%] [32m[1mLinking C shared library libsum_full_name_service__rosidl_generator_py.so[0m
[8.904s] [ 82%] Built target sum_full_name_service__rosidl_generator_py
[8.930s] [ 91%] [32mBuilding C object CMakeFiles/sum_full_name_service_s__rosidl_typesupport_c.dir/rosidl_generator_py/sum_full_name_service/_sum_full_name_service_s.ep.rosidl_typesupport_c.c.o[0m
[8.930s] [ 91%] [32mBuilding C object CMakeFiles/sum_full_name_service_s__rosidl_typesupport_introspection_c.dir/rosidl_generator_py/sum_full_name_service/_sum_full_name_service_s.ep.rosidl_typesupport_introspection_c.c.o[0m
[8.931s] [ 91%] [32mBuilding C object CMakeFiles/sum_full_name_service_s__rosidl_typesupport_fastrtps_c.dir/rosidl_generator_py/sum_full_name_service/_sum_full_name_service_s.ep.rosidl_typesupport_fastrtps_c.c.o[0m
[9.075s] [ 94%] [32m[1mLinking C shared module rosidl_generator_py/sum_full_name_service/sum_full_name_service_s__rosidl_typesupport_introspection_c.so[0m
[9.076s] [ 97%] [32m[1mLinking C shared module rosidl_generator_py/sum_full_name_service/sum_full_name_service_s__rosidl_typesupport_c.so[0m
[9.077s] [100%] [32m[1mLinking C shared module rosidl_generator_py/sum_full_name_service/sum_full_name_service_s__rosidl_typesupport_fastrtps_c.so[0m
[9.115s] [100%] Built target sum_full_name_service_s__rosidl_typesupport_c
[9.115s] [100%] Built target sum_full_name_service_s__rosidl_typesupport_introspection_c
[9.118s] [100%] Built target sum_full_name_service_s__rosidl_typesupport_fastrtps_c
[9.135s] Invoked command in '/home/ms/Documents/NSU2025_late/Robototechnics/Archive_22.12/build/sum_full_name_service' returned '0': CMAKE_PREFIX_PATH=${CMAKE_PREFIX_PATH}:/opt/ros/jazzy DEBUGINFOD_URLS=https://debuginfod.ubuntu.com /usr/bin/cmake --build /home/ms/Documents/NSU2025_late/Robototechnics/Archive_22.12/build/sum_full_name_service -- -j28 -l28
[9.138s] Invoking command in '/home/ms/Documents/NSU2025_late/Robototechnics/Archive_22.12/build/sum_full_name_service': CMAKE_PREFIX_PATH=${CMAKE_PREFIX_PATH}:/opt/ros/jazzy DEBUGINFOD_URLS=https://debuginfod.ubuntu.com /usr/bin/cmake --install /home/ms/Documents/NSU2025_late/Robototechnics/Archive_22.12/build/sum_full_name_service
[9.147s] -- Install configuration: ""
[9.147s] -- Installing: /home/ms/Documents/NSU2025_late/Robototechnics/Archive_22.12/install/sum_full_name_service/share/ament_index/resource_index/rosidl_interfaces/sum_full_name_service
[9.147s] -- Installing: /home/ms/Documents/NSU2025_late/Robototechnics/Archive_22.12/install/sum_full_name_service/share/sum_full_name_service/srv/SumFullName.json
[9.148s] -- Installing: /home/ms/Documents/NSU2025_late/Robototechnics/Archive_22.12/install/sum_full_name_service/include/sum_full_name_service/sum_full_name_service
[9.148s] -- Installing: /home/ms/Documents/NSU2025_late/Robototechnics/Archive_22.12/install/sum_full_name_service/include/sum_full_name_service/sum_full_name_service/srv
[9.148s] -- Installing: /home/ms/Documents/NSU2025_late/Robototechnics/Archive_22.12/install/sum_full_name_service/include/sum_full_name_service/sum_full_name_service/srv/sum_full_name.h
[9.148s] -- Installing: /home/ms/Documents/NSU2025_late/Robototechnics/Archive_22.12/install/sum_full_name_service/include/sum_full_name_service/sum_full_name_service/srv/detail
[9.148s] -- Installing: /home/ms/Documents/NSU2025_late/Robototechnics/Archive_22.12/install/sum_full_name_service/include/sum_full_name_service/sum_full_name_service/srv/detail/sum_full_name__struct.h
[9.149s] -- Installing: /home/ms/Documents/NSU2025_late/Robototechnics/Archive_22.12/install/sum_full_name_service/include/sum_full_name_service/sum_full_name_service/srv/detail/sum_full_name__functions.c
[9.149s] -- Installing: /home/ms/Documents/NSU2025_late/Robototechnics/Archive_22.12/install/sum_full_name_service/include/sum_full_name_service/sum_full_name_service/srv/detail/sum_full_name__type_support.c
[9.149s] -- Installing: /home/ms/Documents/NSU2025_late/Robototechnics/Archive_22.12/install/sum_full_name_service/include/sum_full_name_service/sum_full_name_service/srv/detail/sum_full_name__description.c
[9.150s] -- Installing: /home/ms/Documents/NSU2025_late/Robototechnics/Archive_22.12/install/sum_full_name_service/include/sum_full_name_service/sum_full_name_service/srv/detail/sum_full_name__functions.h
[9.150s] -- Installing: /home/ms/Documents/NSU2025_late/Robototechnics/Archive_22.12/install/sum_full_name_service/include/sum_full_name_service/sum_full_name_service/srv/detail/sum_full_name__type_support.h
[9.150s] -- Installing: /home/ms/Documents/NSU2025_late/Robototechnics/Archive_22.12/install/sum_full_name_service/include/sum_full_name_service/sum_full_name_service/msg
[9.150s] -- Installing: /home/ms/Documents/NSU2025_late/Robototechnics/Archive_22.12/install/sum_full_name_service/include/sum_full_name_service/sum_full_name_service/msg/rosidl_generator_c__visibility_control.h
[9.151s] -- Installing: /home/ms/Documents/NSU2025_late/Robototechnics/Archive_22.12/install/sum_full_name_service/share/sum_full_name_service/environment/library_path.sh
[9.151s] -- Installing: /home/ms/Documents/NSU2025_late/Robototechnics/Archive_22.12/install/sum_full_name_service/share/sum_full_name_service/environment/library_path.dsv
[9.151s] -- Installing: /home/ms/Documents/NSU2025_late/Robototechnics/Archive_22.12/install/sum_full_name_service/lib/libsum_full_name_service__rosidl_generator_c.so
[9.152s] -- Set non-toolchain portion of runtime path of "/home/ms/Documents/NSU2025_late/Robototechnics/Archive_22.12/install/sum_full_name_service/lib/libsum_full_name_service__rosidl_generator_c.so" to ""
[9.152s] -- Up-to-date: /home/ms/Documents/NSU2025_late/Robototechnics/Archive_22.12/install/sum_full_name_service/include/sum_full_name_service/sum_full_name_service
[9.152s] -- Up-to-date: /home/ms/Documents/NSU2025_late/Robototechnics/Archive_22.12/install/sum_full_name_service/include/sum_full_name_service/sum_full_name_service/srv
[9.152s] -- Up-to-date: /home/ms/Documents/NSU2025_late/Robototechnics/Archive_22.12/install/sum_full_name_service/include/sum_full_name_service/sum_full_name_service/srv/detail
[9.153s] -- Installing: /home/ms/Documents/NSU2025_late/Robototechnics/Archive_22.12/install/sum_full_name_service/include/sum_full_name_service/sum_full_name_service/srv/detail/sum_full_name__rosidl_typesupport_fastrtps_c.h
[9.153s] -- Up-to-date: /home/ms/Documents/NSU2025_late/Robototechnics/Archive_22.12/install/sum_full_name_service/include/sum_full_name_service/sum_full_name_service/msg
[9.153s] -- Installing: /home/ms/Documents/NSU2025_late/Robototechnics/Archive_22.12/install/sum_full_name_service/include/sum_full_name_service/sum_full_name_service/msg/rosidl_typesupport_fastrtps_c__visibility_control.h
[9.153s] -- Installing: /home/ms/Documents/NSU2025_late/Robototechnics/Archive_22.12/install/sum_full_name_service/lib/libsum_full_name_service__rosidl_typesupport_fastrtps_c.so
[9.154s] -- Set non-toolchain portion of runtime path of "/home/ms/Documents/NSU2025_late/Robototechnics/Archive_22.12/install/sum_full_name_service/lib/libsum_full_name_service__rosidl_typesupport_fastrtps_c.so" to ""
[9.154s] -- Up-to-date: /home/ms/Documents/NSU2025_late/Robototechnics/Archive_22.12/install/sum_full_name_service/include/sum_full_name_service/sum_full_name_service
[9.154s] -- Up-to-date: /home/ms/Documents/NSU2025_late/Robototechnics/Archive_22.12/install/sum_full_name_service/include/sum_full_name_service/sum_full_name_service/srv
[9.155s] -- Up-to-date: /home/ms/Documents/NSU2025_late/Robototechnics/Archive_22.12/install/sum_full_name_service/include/sum_full_name_service/sum_full_name_service/srv/detail
[9.155s] -- Installing: /home/ms/Documents/NSU2025_late/Robototechnics/Archive_22.12/install/sum_full_name_service/include/sum_full_name_service/sum_full_name_service/srv/detail/sum_full_name__rosidl_typesupport_introspection_c.h
[9.155s] -- Up-to-date: /home/ms/Documents/NSU2025_late/Robototechnics/Archive_22.12/install/sum_full_name_service/include/sum_full_name_service/sum_full_name_service/srv/detail/sum_full_name__type_support.c
[9.155s] -- Up-to-date: /home/ms/Documents/NSU2025_late/Robototechnics/Archive_22.12/install/sum_full_name_service/include/sum_full_name_service/sum_full_name_service/msg
[9.156s] -- Installing: /home/ms/Documents/NSU2025_late/Robototechnics/Archive_22.12/install/sum_full_name_service/include/sum_full_name_service/sum_full_name_service/msg/rosidl_typesupport_introspection_c__visibility_control.h
[9.156s] -- Installing: /home/ms/Documents/NSU2025_late/Robototechnics/Archive_22.12/install/sum_full_name_service/lib/libsum_full_name_service__rosidl_typesupport_introspection_c.so
[9.156s] -- Set non-toolchain portion of runtime path of "/home/ms/Documents/NSU2025_late/Robototechnics/Archive_22.12/install/sum_full_name_service/lib/libsum_full_name_service__rosidl_typesupport_introspection_c.so" to ""
[9.156s] -- Installing: /home/ms/Documents/NSU2025_late/Robototechnics/Archive_22.12/install/sum_full_name_service/lib/libsum_full_name_service__rosidl_typesupport_c.so
[9.157s] -- Set non-toolchain portion of runtime path of "/home/ms/Documents/NSU2025_late/Robototechnics/Archive_22.12/install/sum_full_name_service/lib/libsum_full_name_service__rosidl_typesupport_c.so" to ""
[9.157s] -- Up-to-date: /home/ms/Documents/NSU2025_late/Robototechnics/Archive_22.12/install/sum_full_name_service/include/sum_full_name_service/sum_full_name_service
[9.157s] -- Up-to-date: /home/ms/Documents/NSU2025_late/Robototechnics/Archive_22.12/install/sum_full_name_service/include/sum_full_name_service/sum_full_name_service/srv
[9.158s] -- Installing: /home/ms/Documents/NSU2025_late/Robototechnics/Archive_22.12/install/sum_full_name_service/include/sum_full_name_service/sum_full_name_service/srv/sum_full_name.hpp
[9.158s] -- Up-to-date: /home/ms/Documents/NSU2025_late/Robototechnics/Archive_22.12/install/sum_full_name_service/include/sum_full_name_service/sum_full_name_service/srv/detail
[9.158s] -- Installing: /home/ms/Documents/NSU2025_late/Robototechnics/Archive_22.12/install/sum_full_name_service/include/sum_full_name_service/sum_full_name_service/srv/detail/sum_full_name__struct.hpp
[9.158s] -- Installing: /home/ms/Documents/NSU2025_late/Robototechnics/Archive_22.12/install/sum_full_name_service/include/sum_full_name_service/sum_full_name_service/srv/detail/sum_full_name__builder.hpp
[9.159s] -- Installing: /home/ms/Documents/NSU2025_late/Robototechnics/Archive_22.12/install/sum_full_name_service/include/sum_full_name_service/sum_full_name_service/srv/detail/sum_full_name__traits.hpp
[9.159s] -- Installing: /home/ms/Documents/NSU2025_late/Robototechnics/Archive_22.12/install/sum_full_name_service/include/sum_full_name_service/sum_full_name_service/srv/detail/sum_full_name__type_support.hpp
[9.159s] -- Up-to-date: /home/ms/Documents/NSU2025_late/Robototechnics/Archive_22.12/install/sum_full_name_service/include/sum_full_name_service/sum_full_name_service/msg
[9.160s] -- Installing: /home/ms/Documents/NSU2025_late/Robototechnics/Archive_22.12/install/sum_full_name_service/include/sum_full_name_service/sum_full_name_service/msg/rosidl_generator_cpp__visibility_control.hpp
[9.160s] -- Up-to-date: /home/ms/Documents/NSU2025_late/Robototechnics/Archive_22.12/install/sum_full_name_service/include/sum_full_name_service/sum_full_name_service
[9.160s] -- Up-to-date: /home/ms/Documents/NSU2025_late/Robototechnics/Archive_22.12/install/sum_full_name_service/include/sum_full_name_service/sum_full_name_service/srv
[9.160s] -- Up-to-date: /home/ms/Documents/NSU2025_late/Robototechnics/Archive_22.12/install/sum_full_name_service/include/sum_full_name_service/sum_full_name_service/srv/detail
[9.161s] -- Installing: /home/ms/Documents/NSU2025_late/Robototechnics/Archive_22.12/install/sum_full_name_service/include/sum_full_name_service/sum_full_name_service/srv/detail/dds_fastrtps
[9.161s] -- Installing: /home/ms/Documents/NSU2025_late/Robototechnics/Archive_22.12/install/sum_full_name_service/include/sum_full_name_service/sum_full_name_service/srv/detail/sum_full_name__rosidl_typesupport_fastrtps_cpp.hpp
[9.161s] -- Up-to-date: /home/ms/Documents/NSU2025_late/Robototechnics/Archive_22.12/install/sum_full_name_service/include/sum_full_name_service/sum_full_name_service/msg
[9.162s] -- Installing: /home/ms/Documents/NSU2025_late/Robototechnics/Archive_22.12/install/sum_full_name_service/include/sum_full_name_service/sum_full_name_service/msg/rosidl_typesupport_fastrtps_cpp__visibility_control.h
[9.162s] -- Installing: /home/ms/Documents/NSU2025_late/Robototechnics/Archive_22.12/install/sum_full_name_service/lib/libsum_full_name_service__rosidl_typesupport_fastrtps_cpp.so
[9.162s] -- Set non-toolchain portion of runtime path of "/home/ms/Documents/NSU2025_late/Robototechnics/Archive_22.12/install/sum_full_name_service/lib/libsum_full_name_service__rosidl_typesupport_fastrtps_cpp.so" to ""
[9.162s] -- Up-to-date: /home/ms/Documents/NSU2025_late/Robototechnics/Archive_22.12/install/sum_full_name_service/include/sum_full_name_service/sum_full_name_service
[9.163s] -- Up-to-date: /home/ms/Documents/NSU2025_late/Robototechnics/Archive_22.12/install/sum_full_name_service/include/sum_full_name_service/sum_full_name_service/srv
[9.163s] -- Up-to-date: /home/ms/Documents/NSU2025_late/Robototechnics/Archive_22.12/install/sum_full_name_service/include/sum_full_name_service/sum_full_name_service/srv/detail
[9.163s] -- Installing: /home/ms/Documents/NSU2025_late/Robototechnics/Archive_22.12/install/sum_full_name_service/include/sum_full_name_service/sum_full_name_service/srv/detail/sum_full_name__type_support.cpp
[9.163s] -- Installing: /home/ms/Documents/NSU2025_late/Robototechnics/Archive_22.12/install/sum_full_name_service/include/sum_full_name_service/sum_full_name_service/srv/detail/sum_full_name__rosidl_typesupport_introspection_cpp.hpp
[9.163s] -- Installing: /home/ms/Documents/NSU2025_late/Robototechnics/Archive_22.12/install/sum_full_name_service/lib/libsum_full_name_service__rosidl_typesupport_introspection_cpp.so
[9.164s] -- Set non-toolchain portion of runtime path of "/home/ms/Documents/NSU2025_late/Robototechnics/Archive_22.12/install/sum_full_name_service/lib/libsum_full_name_service__rosidl_typesupport_introspection_cpp.so" to ""
[9.164s] -- Installing: /home/ms/Documents/NSU2025_late/Robototechnics/Archive_22.12/install/sum_full_name_service/lib/libsum_full_name_service__rosidl_typesupport_cpp.so
[9.164s] -- Set non-toolchain portion of runtime path of "/home/ms/Documents/NSU2025_late/Robototechnics/Archive_22.12/install/sum_full_name_service/lib/libsum_full_name_service__rosidl_typesupport_cpp.so" to ""
[9.164s] -- Installing: /home/ms/Documents/NSU2025_late/Robototechnics/Archive_22.12/install/sum_full_name_service/share/sum_full_name_service/environment/pythonpath.sh
[9.165s] -- Installing: /home/ms/Documents/NSU2025_late/Robototechnics/Archive_22.12/install/sum_full_name_service/share/sum_full_name_service/environment/pythonpath.dsv
[9.165s] -- Installing: /home/ms/Documents/NSU2025_late/Robototechnics/Archive_22.12/install/sum_full_name_service/lib/python3.12/site-packages/sum_full_name_service-0.0.0-py3.12.egg-info
[9.165s] -- Installing: /home/ms/Documents/NSU2025_late/Robototechnics/Archive_22.12/install/sum_full_name_service/lib/python3.12/site-packages/sum_full_name_service-0.0.0-py3.12.egg-info/PKG-INFO
[9.165s] -- Installing: /home/ms/Documents/NSU2025_late/Robototechnics/Archive_22.12/install/sum_full_name_service/lib/python3.12/site-packages/sum_full_name_service-0.0.0-py3.12.egg-info/SOURCES.txt
[9.166s] -- Installing: /home/ms/Documents/NSU2025_late/Robototechnics/Archive_22.12/install/sum_full_name_service/lib/python3.12/site-packages/sum_full_name_service-0.0.0-py3.12.egg-info/top_level.txt
[9.166s] -- Installing: /home/ms/Documents/NSU2025_late/Robototechnics/Archive_22.12/install/sum_full_name_service/lib/python3.12/site-packages/sum_full_name_service-0.0.0-py3.12.egg-info/dependency_links.txt
[9.166s] -- Installing: /home/ms/Documents/NSU2025_late/Robototechnics/Archive_22.12/install/sum_full_name_service/lib/python3.12/site-packages/sum_full_name_service
[9.166s] -- Installing: /home/ms/Documents/NSU2025_late/Robototechnics/Archive_22.12/install/sum_full_name_service/lib/python3.12/site-packages/sum_full_name_service/srv
[9.166s] -- Installing: /home/ms/Documents/NSU2025_late/Robototechnics/Archive_22.12/install/sum_full_name_service/lib/python3.12/site-packages/sum_full_name_service/srv/_sum_full_name_s.c
[9.167s] -- Installing: /home/ms/Documents/NSU2025_late/Robototechnics/Archive_22.12/install/sum_full_name_service/lib/python3.12/site-packages/sum_full_name_service/srv/_sum_full_name.py
[9.167s] -- Installing: /home/ms/Documents/NSU2025_late/Robototechnics/Archive_22.12/install/sum_full_name_service/lib/python3.12/site-packages/sum_full_name_service/srv/__init__.py
[9.167s] -- Installing: /home/ms/Documents/NSU2025_late/Robototechnics/Archive_22.12/install/sum_full_name_service/lib/python3.12/site-packages/sum_full_name_service/_sum_full_name_service_s.ep.rosidl_typesupport_fastrtps_c.c
[9.167s] -- Installing: /home/ms/Documents/NSU2025_late/Robototechnics/Archive_22.12/install/sum_full_name_service/lib/python3.12/site-packages/sum_full_name_service/_sum_full_name_service_s.ep.rosidl_typesupport_c.c
[9.167s] -- Installing: /home/ms/Documents/NSU2025_late/Robototechnics/Archive_22.12/install/sum_full_name_service/lib/python3.12/site-packages/sum_full_name_service/sum_full_name_service_s__rosidl_typesupport_c.so
[9.168s] -- Installing: /home/ms/Documents/NSU2025_late/Robototechnics/Archive_22.12/install/sum_full_name_service/lib/python3.12/site-packages/sum_full_name_service/sum_full_name_service_s__rosidl_typesupport_introspection_c.so
[9.168s] -- Installing: /home/ms/Documents/NSU2025_late/Robototechnics/Archive_22.12/install/sum_full_name_service/lib/python3.12/site-packages/sum_full_name_service/_sum_full_name_service_s.ep.rosidl_typesupport_introspection_c.c
[9.168s] -- Installing: /home/ms/Documents/NSU2025_late/Robototechnics/Archive_22.12/install/sum_full_name_service/lib/python3.12/site-packages/sum_full_name_service/__init__.py
[9.168s] -- Installing: /home/ms/Documents/NSU2025_late/Robototechnics/Archive_22.12/install/sum_full_name_service/lib/python3.12/site-packages/sum_full_name_service/sum_full_name_service_s__rosidl_typesupport_fastrtps_c.so
[9.219s] Listing '/home/ms/Documents/NSU2025_late/Robototechnics/Archive_22.12/install/sum_full_name_service/lib/python3.12/site-packages/sum_full_name_service'...
[9.219s] Compiling '/home/ms/Documents/NSU2025_late/Robototechnics/Archive_22.12/install/sum_full_name_service/lib/python3.12/site-packages/sum_full_name_service/__init__.py'...
[9.219s] Listing '/home/ms/Documents/NSU2025_late/Robototechnics/Archive_22.12/install/sum_full_name_service/lib/python3.12/site-packages/sum_full_name_service/srv'...
[9.219s] Compiling '/home/ms/Documents/NSU2025_late/Robototechnics/Archive_22.12/install/sum_full_name_service/lib/python3.12/site-packages/sum_full_name_service/srv/__init__.py'...
[9.220s] Compiling '/home/ms/Documents/NSU2025_late/Robototechnics/Archive_22.12/install/sum_full_name_service/lib/python3.12/site-packages/sum_full_name_service/srv/_sum_full_name.py'...
[9.228s] -- Installing: /home/ms/Documents/NSU2025_late/Robototechnics/Archive_22.12/install/sum_full_name_service/lib/python3.12/site-packages/sum_full_name_service/sum_full_name_service_s__rosidl_typesupport_fastrtps_c.so
[9.228s] -- Set non-toolchain portion of runtime path of "/home/ms/Documents/NSU2025_late/Robototechnics/Archive_22.12/install/sum_full_name_service/lib/python3.12/site-packages/sum_full_name_service/sum_full_name_service_s__rosidl_typesupport_fastrtps_c.so" to ""
[9.229s] -- Installing: /home/ms/Documents/NSU2025_late/Robototechnics/Archive_22.12/install/sum_full_name_service/lib/python3.12/site-packages/sum_full_name_service/sum_full_name_service_s__rosidl_typesupport_introspection_c.so
[9.229s] -- Set non-toolchain portion of runtime path of "/home/ms/Documents/NSU2025_late/Robototechnics/Archive_22.12/install/sum_full_name_service/lib/python3.12/site-packages/sum_full_name_service/sum_full_name_service_s__rosidl_typesupport_introspection_c.so" to ""
[9.230s] -- Installing: /home/ms/Documents/NSU2025_late/Robototechnics/Archive_22.12/install/sum_full_name_service/lib/python3.12/site-packages/sum_full_name_service/sum_full_name_service_s__rosidl_typesupport_c.so
[9.230s] -- Set non-toolchain portion of runtime path of "/home/ms/Documents/NSU2025_late/Robototechnics/Archive_22.12/install/sum_full_name_service/lib/python3.12/site-packages/sum_full_name_service/sum_full_name_service_s__rosidl_typesupport_c.so" to ""
[9.231s] -- Installing: /home/ms/Documents/NSU2025_late/Robototechnics/Archive_22.12/install/sum_full_name_service/lib/libsum_full_name_service__rosidl_generator_py.so
[9.231s] -- Set non-toolchain portion of runtime path of "/home/ms/Documents/NSU2025_late/Robototechnics/Archive_22.12/install/sum_full_name_service/lib/libsum_full_name_service__rosidl_generator_py.so" to ""
[9.232s] -- Installing: /home/ms/Documents/NSU2025_late/Robototechnics/Archive_22.12/install/sum_full_name_service/share/sum_full_name_service/srv/SumFullName.idl
[9.232s] -- Installing: /home/ms/Documents/NSU2025_late/Robototechnics/Archive_22.12/install/sum_full_name_service/share/sum_full_name_service/srv/SumFullName.srv
[9.233s] -- Installing: /home/ms/Documents/NSU2025_late/Robototechnics/Archive_22.12/install/sum_full_name_service/share/ament_index/resource_index/package_run_dependencies/sum_full_name_service
[9.233s] -- Installing: /home/ms/Documents/NSU2025_late/Robototechnics/Archive_22.12/install/sum_full_name_service/share/ament_index/resource_index/parent_prefix_path/sum_full_name_service
[9.233s] -- Installing: /home/ms/Documents/NSU2025_late/Robototechnics/Archive_22.12/install/sum_full_name_service/share/sum_full_name_service/environment/ament_prefix_path.sh
[9.234s] -- Installing: /home/ms/Documents/NSU2025_late/Robototechnics/Archive_22.12/install/sum_full_name_service/share/sum_full_name_service/environment/ament_prefix_path.dsv
[9.234s] -- Installing: /home/ms/Documents/NSU2025_late/Robototechnics/Archive_22.12/install/sum_full_name_service/share/sum_full_name_service/environment/path.sh
[9.235s] -- Installing: /home/ms/Documents/NSU2025_late/Robototechnics/Archive_22.12/install/sum_full_name_service/share/sum_full_name_service/environment/path.dsv
[9.235s] -- Installing: /home/ms/Documents/NSU2025_late/Robototechnics/Archive_22.12/install/sum_full_name_service/share/sum_full_name_service/local_setup.bash
[9.236s] -- Installing: /home/ms/Documents/NSU2025_late/Robototechnics/Archive_22.12/install/sum_full_name_service/share/sum_full_name_service/local_setup.sh
[9.236s] -- Installing: /home/ms/Documents/NSU2025_late/Robototechnics/Archive_22.12/install/sum_full_name_service/share/sum_full_name_service/local_setup.zsh
[9.236s] -- Installing: /home/ms/Documents/NSU2025_late/Robototechnics/Archive_22.12/install/sum_full_name_service/share/sum_full_name_service/local_setup.dsv
[9.237s] -- Installing: /home/ms/Documents/NSU2025_late/Robototechnics/Archive_22.12/install/sum_full_name_service/share/sum_full_name_service/package.dsv
[9.238s] -- Installing: /home/ms/Documents/NSU2025_late/Robototechnics/Archive_22.12/install/sum_full_name_service/share/ament_index/resource_index/packages/sum_full_name_service
[9.238s] -- Installing: /home/ms/Documents/NSU2025_late/Robototechnics/Archive_22.12/install/sum_full_name_service/share/sum_full_name_service/cmake/export_sum_full_name_service__rosidl_generator_cExport.cmake
[9.239s] -- Installing: /home/ms/Documents/NSU2025_late/Robototechnics/Archive_22.12/install/sum_full_name_service/share/sum_full_name_service/cmake/export_sum_full_name_service__rosidl_generator_cExport-noconfig.cmake
[9.239s] -- Installing: /home/ms/Documents/NSU2025_late/Robototechnics/Archive_22.12/install/sum_full_name_service/share/sum_full_name_service/cmake/export_sum_full_name_service__rosidl_typesupport_fastrtps_cExport.cmake
[9.239s] -- Installing: /home/ms/Documents/NSU2025_late/Robototechnics/Archive_22.12/install/sum_full_name_service/share/sum_full_name_service/cmake/export_sum_full_name_service__rosidl_typesupport_fastrtps_cExport-noconfig.cmake
[9.240s] -- Installing: /home/ms/Documents/NSU2025_late/Robototechnics/Archive_22.12/install/sum_full_name_service/share/sum_full_name_service/cmake/sum_full_name_service__rosidl_typesupport_introspection_cExport.cmake
[9.240s] -- Installing: /home/ms/Documents/NSU2025_late/Robototechnics/Archive_22.12/install/sum_full_name_service/share/sum_full_name_service/cmake/sum_full_name_service__rosidl_typesupport_introspection_cExport-noconfig.cmake
[9.241s] -- Installing: /home/ms/Documents/NSU2025_late/Robototechnics/Archive_22.12/install/sum_full_name_service/share/sum_full_name_service/cmake/sum_full_name_service__rosidl_typesupport_cExport.cmake
[9.241s] -- Installing: /home/ms/Documents/NSU2025_late/Robototechnics/Archive_22.12/install/sum_full_name_service/share/sum_full_name_service/cmake/sum_full_name_service__rosidl_typesupport_cExport-noconfig.cmake
[9.242s] -- Installing: /home/ms/Documents/NSU2025_late/Robototechnics/Archive_22.12/install/sum_full_name_service/share/sum_full_name_service/cmake/export_sum_full_name_service__rosidl_generator_cppExport.cmake
[9.242s] -- Installing: /home/ms/Documents/NSU2025_late/Robototechnics/Archive_22.12/install/sum_full_name_service/share/sum_full_name_service/cmake/export_sum_full_name_service__rosidl_typesupport_fastrtps_cppExport.cmake
[9.242s] -- Installing: /home/ms/Documents/NSU2025_late/Robototechnics/Archive_22.12/install/sum_full_name_service/share/sum_full_name_service/cmake/export_sum_full_name_service__rosidl_typesupport_fastrtps_cppExport-noconfig.cmake
[9.243s] -- Installing: /home/ms/Documents/NSU2025_late/Robototechnics/Archive_22.12/install/sum_full_name_service/share/sum_full_name_service/cmake/sum_full_name_service__rosidl_typesupport_introspection_cppExport.cmake
[9.243s] -- Installing: /home/ms/Documents/NSU2025_late/Robototechnics/Archive_22.12/install/sum_full_name_service/share/sum_full_name_service/cmake/sum_full_name_service__rosidl_typesupport_introspection_cppExport-noconfig.cmake
[9.243s] -- Installing: /home/ms/Documents/NSU2025_late/Robototechnics/Archive_22.12/install/sum_full_name_service/share/sum_full_name_service/cmake/sum_full_name_service__rosidl_typesupport_cppExport.cmake
[9.244s] -- Installing: /home/ms/Documents/NSU2025_late/Robototechnics/Archive_22.12/install/sum_full_name_service/share/sum_full_name_service/cmake/sum_full_name_service__rosidl_typesupport_cppExport-noconfig.cmake
[9.244s] -- Installing: /home/ms/Documents/NSU2025_late/Robototechnics/Archive_22.12/install/sum_full_name_service/share/sum_full_name_service/cmake/export_sum_full_name_service__rosidl_generator_pyExport.cmake
[9.245s] -- Installing: /home/ms/Documents/NSU2025_late/Robototechnics/Archive_22.12/install/sum_full_name_service/share/sum_full_name_service/cmake/export_sum_full_name_service__rosidl_generator_pyExport-noconfig.cmake
[9.245s] -- Installing: /home/ms/Documents/NSU2025_late/Robototechnics/Archive_22.12/install/sum_full_name_service/share/sum_full_name_service/cmake/rosidl_cmake-extras.cmake
[9.245s] -- Installing: /home/ms/Documents/NSU2025_late/Robototechnics/Archive_22.12/install/sum_full_name_service/share/sum_full_name_service/cmake/ament_cmake_export_dependencies-extras.cmake
[9.246s] -- Installing: /home/ms/Documents/NSU2025_late/Robototechnics/Archive_22.12/install/sum_full_name_service/share/sum_full_name_service/cmake/ament_cmake_export_include_directories-extras.cmake
[9.246s] -- Installing: /home/ms/Documents/NSU2025_late/Robototechnics/Archive_22.12/install/sum_full_name_service/share/sum_full_name_service/cmake/ament_cmake_export_libraries-extras.cmake
[9.246s] -- Installing: /home/ms/Documents/NSU2025_late/Robototechnics/Archive_22.12/install/sum_full_name_service/share/sum_full_name_service/cmake/ament_cmake_export_targets-extras.cmake
[9.247s] -- Installing: /home/ms/Documents/NSU2025_late/Robototechnics/Archive_22.12/install/sum_full_name_service/share/sum_full_name_service/cmake/rosidl_cmake_export_typesupport_targets-extras.cmake
[9.247s] -- Installing: /home/ms/Documents/NSU2025_late/Robototechnics/Archive_22.12/install/sum_full_name_service/share/sum_full_name_service/cmake/rosidl_cmake_export_typesupport_libraries-extras.cmake
[9.247s] -- Installing: /home/ms/Documents/NSU2025_late/Robototechnics/Archive_22.12/install/sum_full_name_service/share/sum_full_name_service/cmake/sum_full_name_serviceConfig.cmake
[9.248s] -- Installing: /home/ms/Documents/NSU2025_late/Robototechnics/Archive_22.12/install/sum_full_name_service/share/sum_full_name_service/cmake/sum_full_name_serviceConfig-version.cmake
[9.248s] -- Installing: /home/ms/Documents/NSU2025_late/Robototechnics/Archive_22.12/install/sum_full_name_service/share/sum_full_name_service/package.xml
[9.250s] Invoked command in '/home/ms/Documents/NSU2025_late/Robototechnics/Archive_22.12/build/sum_full_name_service' returned '0': CMAKE_PREFIX_PATH=${CMAKE_PREFIX_PATH}:/opt/ros/jazzy DEBUGINFOD_URLS=https://debuginfod.ubuntu.com /usr/bin/cmake --install /home/ms/Documents/NSU2025_late/Robototechnics/Archive_22.12/build/sum_full_name_service
